{"D:\\react-workspace\\whinepad\\js\\source\\classification.js": {"path":"D:\\react-workspace\\whinepad\\js\\source\\classification.js","statementMap":{},"fnMap":{},"branchMap":{},"s":{},"f":{},"b":{},"_coverageSchema":"1a1c01bbd47fc00a2c39e90264f33305004495a9","hash":"a044f6e29b2e23b8d2db9aa8b09cd3a72c396ed8"}
,"D:\\react-workspace\\whinepad\\js\\source\\schema.js": {"path":"D:\\react-workspace\\whinepad\\js\\source\\schema.js","statementMap":{},"fnMap":{},"branchMap":{},"s":{},"f":{},"b":{},"_coverageSchema":"1a1c01bbd47fc00a2c39e90264f33305004495a9","hash":"8e125574663a6252182eb412772026b1142f2098"}
,"D:\\react-workspace\\whinepad\\js\\source\\components\\Actions.js": {"path":"D:\\react-workspace\\whinepad\\js\\source\\components\\Actions.js","statementMap":{"0":{"start":{"line":10,"column":16},"end":{"line":30,"column":8}},"1":{"start":{"line":11,"column":2},"end":{"line":30,"column":8}},"2":{"start":{"line":32,"column":0},"end":{"line":34,"column":2}}},"fnMap":{"0":{"name":"(anonymous_0)","decl":{"start":{"line":10,"column":16},"end":{"line":10,"column":17}},"loc":{"start":{"line":11,"column":2},"end":{"line":30,"column":8}},"line":11},"1":{"name":"(anonymous_1)","decl":{"start":{"line":33,"column":12},"end":{"line":33,"column":13}},"loc":{"start":{"line":33,"column":18},"end":{"line":33,"column":21}},"line":33}},"branchMap":{},"s":{"0":2,"1":1,"2":2},"f":{"0":1,"1":0},"b":{},"_coverageSchema":"1a1c01bbd47fc00a2c39e90264f33305004495a9","hash":"d6ec9041a2c6f6d27d8f864e7d857e801f23fccd"}
,"D:\\react-workspace\\whinepad\\js\\source\\components\\Button.js": {"path":"D:\\react-workspace\\whinepad\\js\\source\\components\\Button.js","statementMap":{"0":{"start":{"line":22,"column":15},"end":{"line":29,"column":1}},"1":{"start":{"line":23,"column":21},"end":{"line":23,"column":58}},"2":{"start":{"line":24,"column":2},"end":{"line":28,"column":3}},"3":{"start":{"line":25,"column":4},"end":{"line":25,"column":50}},"4":{"start":{"line":27,"column":4},"end":{"line":27,"column":55}}},"fnMap":{"0":{"name":"(anonymous_0)","decl":{"start":{"line":22,"column":15},"end":{"line":22,"column":16}},"loc":{"start":{"line":22,"column":33},"end":{"line":29,"column":1}},"line":22}},"branchMap":{"0":{"loc":{"start":{"line":24,"column":2},"end":{"line":28,"column":3}},"type":"if","locations":[{"start":{"line":24,"column":2},"end":{"line":28,"column":3}},{"start":{"line":24,"column":2},"end":{"line":28,"column":3}}],"line":24}},"s":{"0":3,"1":10,"2":10,"3":1,"4":9},"f":{"0":10},"b":{"0":[1,9]},"_coverageSchema":"1a1c01bbd47fc00a2c39e90264f33305004495a9","hash":"7d254eeccf9036f60e936ef34fd3c543abf12e8d"}
,"D:\\react-workspace\\whinepad\\js\\source\\components\\Dialog.js": {"path":"D:\\react-workspace\\whinepad\\js\\source\\components\\Dialog.js","statementMap":{"0":{"start":{"line":18,"column":24},"end":{"line":23,"column":3}},"1":{"start":{"line":27,"column":4},"end":{"line":27,"column":77}},"2":{"start":{"line":32,"column":4},"end":{"line":34,"column":5}},"3":{"start":{"line":33,"column":6},"end":{"line":33,"column":76}},"4":{"start":{"line":36,"column":4},"end":{"line":40,"column":5}},"5":{"start":{"line":37,"column":6},"end":{"line":39,"column":7}},"6":{"start":{"line":38,"column":8},"end":{"line":38,"column":39}},"7":{"start":{"line":44,"column":4},"end":{"line":73,"column":6}},"8":{"start":{"line":54,"column":26},"end":{"line":54,"column":45}}},"fnMap":{"0":{"name":"(anonymous_0)","decl":{"start":{"line":21,"column":14},"end":{"line":21,"column":15}},"loc":{"start":{"line":21,"column":20},"end":{"line":21,"column":23}},"line":21},"1":{"name":"(anonymous_1)","decl":{"start":{"line":26,"column":2},"end":{"line":26,"column":3}},"loc":{"start":{"line":26,"column":25},"end":{"line":28,"column":3}},"line":26},"2":{"name":"(anonymous_2)","decl":{"start":{"line":31,"column":2},"end":{"line":31,"column":3}},"loc":{"start":{"line":31,"column":22},"end":{"line":41,"column":3}},"line":31},"3":{"name":"(anonymous_3)","decl":{"start":{"line":36,"column":25},"end":{"line":36,"column":26}},"loc":{"start":{"line":36,"column":32},"end":{"line":40,"column":5}},"line":36},"4":{"name":"(anonymous_4)","decl":{"start":{"line":43,"column":2},"end":{"line":43,"column":3}},"loc":{"start":{"line":43,"column":11},"end":{"line":74,"column":3}},"line":43},"5":{"name":"(anonymous_5)","decl":{"start":{"line":54,"column":21},"end":{"line":54,"column":22}},"loc":{"start":{"line":54,"column":26},"end":{"line":54,"column":45}},"line":54}},"branchMap":{"0":{"loc":{"start":{"line":27,"column":4},"end":{"line":27,"column":76}},"type":"cond-expr","locations":[{"start":{"line":27,"column":20},"end":{"line":27,"column":69}},{"start":{"line":27,"column":72},"end":{"line":27,"column":76}}],"line":27},"1":{"loc":{"start":{"line":32,"column":4},"end":{"line":34,"column":5}},"type":"if","locations":[{"start":{"line":32,"column":4},"end":{"line":34,"column":5}},{"start":{"line":32,"column":4},"end":{"line":34,"column":5}}],"line":32},"2":{"loc":{"start":{"line":33,"column":6},"end":{"line":33,"column":75}},"type":"cond-expr","locations":[{"start":{"line":33,"column":22},"end":{"line":33,"column":68}},{"start":{"line":33,"column":71},"end":{"line":33,"column":75}}],"line":33},"3":{"loc":{"start":{"line":37,"column":6},"end":{"line":39,"column":7}},"type":"if","locations":[{"start":{"line":37,"column":6},"end":{"line":39,"column":7}},{"start":{"line":37,"column":6},"end":{"line":39,"column":7}}],"line":37},"4":{"loc":{"start":{"line":58,"column":15},"end":{"line":64,"column":22}},"type":"cond-expr","locations":[{"start":{"line":59,"column":18},"end":{"line":63,"column":21}},{"start":{"line":64,"column":18},"end":{"line":64,"column":22}}],"line":58},"5":{"loc":{"start":{"line":67,"column":16},"end":{"line":67,"column":60}},"type":"cond-expr","locations":[{"start":{"line":67,"column":39},"end":{"line":67,"column":48}},{"start":{"line":67,"column":51},"end":{"line":67,"column":60}}],"line":67}},"s":{"0":2,"1":1,"2":7,"3":2,"4":7,"5":0,"6":0,"7":7,"8":2},"f":{"0":0,"1":1,"2":7,"3":0,"4":7,"5":2},"b":{"0":[1,0],"1":[2,5],"2":[2,0],"3":[0,0],"4":[5,2],"5":[5,2]},"_coverageSchema":"1a1c01bbd47fc00a2c39e90264f33305004495a9","hash":"177e64779f04ab66fdc8fe99ae750a519cf6ebe9"}
,"D:\\react-workspace\\whinepad\\js\\source\\components\\Excel.js": {"path":"D:\\react-workspace\\whinepad\\js\\source\\components\\Excel.js","statementMap":{"0":{"start":{"line":42,"column":4},"end":{"line":42,"column":12}},"1":{"start":{"line":43,"column":4},"end":{"line":43,"column":40}},"2":{"start":{"line":44,"column":4},"end":{"line":53,"column":5}},"3":{"start":{"line":54,"column":4},"end":{"line":58,"column":7}},"4":{"start":{"line":55,"column":6},"end":{"line":57,"column":8}},"5":{"start":{"line":68,"column":23},"end":{"line":68,"column":76}},"6":{"start":{"line":69,"column":4},"end":{"line":69,"column":38}},"7":{"start":{"line":71,"column":4},"end":{"line":74,"column":7}},"8":{"start":{"line":82,"column":33},"end":{"line":82,"column":61}},"9":{"start":{"line":83,"column":4},"end":{"line":88,"column":7}},"10":{"start":{"line":97,"column":4},"end":{"line":97,"column":23}},"11":{"start":{"line":98,"column":4},"end":{"line":98,"column":59}},"12":{"start":{"line":99,"column":4},"end":{"line":103,"column":5}},"13":{"start":{"line":104,"column":4},"end":{"line":106,"column":7}},"14":{"start":{"line":116,"column":4},"end":{"line":121,"column":7}},"15":{"start":{"line":129,"column":4},"end":{"line":132,"column":5}},"16":{"start":{"line":130,"column":6},"end":{"line":130,"column":26}},"17":{"start":{"line":131,"column":6},"end":{"line":131,"column":13}},"18":{"start":{"line":133,"column":16},"end":{"line":133,"column":64}},"19":{"start":{"line":134,"column":4},"end":{"line":134,"column":68}},"20":{"start":{"line":135,"column":4},"end":{"line":135,"column":28}},"21":{"start":{"line":136,"column":4},"end":{"line":138,"column":7}},"22":{"start":{"line":142,"column":4},"end":{"line":144,"column":7}},"23":{"start":{"line":152,"column":4},"end":{"line":155,"column":5}},"24":{"start":{"line":153,"column":6},"end":{"line":153,"column":26}},"25":{"start":{"line":154,"column":6},"end":{"line":154,"column":13}},"26":{"start":{"line":156,"column":16},"end":{"line":156,"column":64}},"27":{"start":{"line":157,"column":4},"end":{"line":157,"column":68}},"28":{"start":{"line":158,"column":4},"end":{"line":158,"column":60}},"29":{"start":{"line":159,"column":4},"end":{"line":161,"column":7}},"30":{"start":{"line":168,"column":16},"end":{"line":168,"column":64}},"31":{"start":{"line":169,"column":4},"end":{"line":169,"column":69}},"32":{"start":{"line":170,"column":18},"end":{"line":170,"column":38}},"33":{"start":{"line":171,"column":22},"end":{"line":171,"column":50}},"34":{"start":{"line":172,"column":4},"end":{"line":181,"column":5}},"35":{"start":{"line":189,"column":16},"end":{"line":189,"column":64}},"36":{"start":{"line":190,"column":4},"end":{"line":190,"column":69}},"37":{"start":{"line":191,"column":4},"end":{"line":206,"column":6}},"38":{"start":{"line":213,"column":4},"end":{"line":215,"column":5}},"39":{"start":{"line":214,"column":6},"end":{"line":214,"column":18}},"40":{"start":{"line":216,"column":23},"end":{"line":216,"column":45}},"41":{"start":{"line":217,"column":4},"end":{"line":219,"column":5}},"42":{"start":{"line":218,"column":6},"end":{"line":218,"column":40}},"43":{"start":{"line":220,"column":4},"end":{"line":222,"column":5}},"44":{"start":{"line":221,"column":6},"end":{"line":221,"column":42}},"45":{"start":{"line":223,"column":4},"end":{"line":225,"column":5}},"46":{"start":{"line":224,"column":6},"end":{"line":224,"column":38}},"47":{"start":{"line":226,"column":4},"end":{"line":226,"column":61}},"48":{"start":{"line":233,"column":4},"end":{"line":326,"column":6}},"49":{"start":{"line":240,"column":16},"end":{"line":242,"column":17}},"50":{"start":{"line":241,"column":18},"end":{"line":241,"column":30}},"51":{"start":{"line":244,"column":28},"end":{"line":244,"column":38}},"52":{"start":{"line":245,"column":16},"end":{"line":247,"column":17}},"53":{"start":{"line":246,"column":18},"end":{"line":246,"column":71}},"54":{"start":{"line":248,"column":16},"end":{"line":256,"column":18}},"55":{"start":{"line":265,"column":14},"end":{"line":321,"column":16}},"56":{"start":{"line":269,"column":37},"end":{"line":269,"column":53}},"57":{"start":{"line":270,"column":22},"end":{"line":272,"column":23}},"58":{"start":{"line":271,"column":24},"end":{"line":271,"column":36}},"59":{"start":{"line":273,"column":39},"end":{"line":273,"column":63}},"60":{"start":{"line":274,"column":35},"end":{"line":274,"column":50}},"61":{"start":{"line":275,"column":36},"end":{"line":275,"column":45}},"62":{"start":{"line":278,"column":22},"end":{"line":296,"column":23}},"63":{"start":{"line":279,"column":24},"end":{"line":291,"column":25}},"64":{"start":{"line":281,"column":26},"end":{"line":290,"column":28}},"65":{"start":{"line":293,"column":29},"end":{"line":296,"column":23}},"66":{"start":{"line":294,"column":24},"end":{"line":295,"column":66}},"67":{"start":{"line":297,"column":22},"end":{"line":312,"column":24}},"68":{"start":{"line":333,"column":4},"end":{"line":338,"column":6}}},"fnMap":{"0":{"name":"(anonymous_0)","decl":{"start":{"line":41,"column":2},"end":{"line":41,"column":3}},"loc":{"start":{"line":41,"column":16},"end":{"line":59,"column":3}},"line":41},"1":{"name":"(anonymous_1)","decl":{"start":{"line":54,"column":36},"end":{"line":54,"column":37}},"loc":{"start":{"line":54,"column":42},"end":{"line":58,"column":5}},"line":54},"2":{"name":"(anonymous_2)","decl":{"start":{"line":66,"column":2},"end":{"line":66,"column":3}},"loc":{"start":{"line":66,"column":21},"end":{"line":75,"column":3}},"line":66},"3":{"name":"(anonymous_3)","decl":{"start":{"line":81,"column":2},"end":{"line":81,"column":3}},"loc":{"start":{"line":81,"column":24},"end":{"line":89,"column":3}},"line":81},"4":{"name":"(anonymous_4)","decl":{"start":{"line":95,"column":2},"end":{"line":95,"column":3}},"loc":{"start":{"line":95,"column":18},"end":{"line":107,"column":3}},"line":95},"5":{"name":"(anonymous_5)","decl":{"start":{"line":115,"column":2},"end":{"line":115,"column":3}},"loc":{"start":{"line":115,"column":47},"end":{"line":122,"column":3}},"line":115},"6":{"name":"(anonymous_6)","decl":{"start":{"line":128,"column":2},"end":{"line":128,"column":3}},"loc":{"start":{"line":128,"column":43},"end":{"line":139,"column":3}},"line":128},"7":{"name":"(anonymous_7)","decl":{"start":{"line":141,"column":2},"end":{"line":141,"column":3}},"loc":{"start":{"line":141,"column":17},"end":{"line":145,"column":3}},"line":141},"8":{"name":"(anonymous_8)","decl":{"start":{"line":151,"column":2},"end":{"line":151,"column":3}},"loc":{"start":{"line":151,"column":34},"end":{"line":162,"column":3}},"line":151},"9":{"name":"(anonymous_9)","decl":{"start":{"line":167,"column":2},"end":{"line":167,"column":3}},"loc":{"start":{"line":167,"column":24},"end":{"line":182,"column":3}},"line":167},"10":{"name":"(anonymous_10)","decl":{"start":{"line":188,"column":2},"end":{"line":188,"column":3}},"loc":{"start":{"line":188,"column":40},"end":{"line":207,"column":3}},"line":188},"11":{"name":"(anonymous_11)","decl":{"start":{"line":212,"column":2},"end":{"line":212,"column":3}},"loc":{"start":{"line":212,"column":18},"end":{"line":227,"column":3}},"line":212},"12":{"name":"(anonymous_12)","decl":{"start":{"line":232,"column":2},"end":{"line":232,"column":3}},"loc":{"start":{"line":232,"column":17},"end":{"line":327,"column":3}},"line":232},"13":{"name":"(anonymous_13)","decl":{"start":{"line":238,"column":30},"end":{"line":238,"column":31}},"loc":{"start":{"line":238,"column":38},"end":{"line":257,"column":15}},"line":238},"14":{"name":"(anonymous_14)","decl":{"start":{"line":264,"column":32},"end":{"line":264,"column":33}},"loc":{"start":{"line":264,"column":49},"end":{"line":322,"column":13}},"line":264},"15":{"name":"(anonymous_15)","decl":{"start":{"line":268,"column":41},"end":{"line":268,"column":42}},"loc":{"start":{"line":268,"column":56},"end":{"line":314,"column":21}},"line":268},"16":{"name":"(anonymous_16)","decl":{"start":{"line":332,"column":2},"end":{"line":332,"column":3}},"loc":{"start":{"line":332,"column":11},"end":{"line":339,"column":3}},"line":332}},"branchMap":{"0":{"loc":{"start":{"line":68,"column":23},"end":{"line":68,"column":76}},"type":"binary-expr","locations":[{"start":{"line":68,"column":24},"end":{"line":68,"column":49}},{"start":{"line":68,"column":54},"end":{"line":68,"column":76}}],"line":68},"1":{"loc":{"start":{"line":129,"column":4},"end":{"line":132,"column":5}},"type":"if","locations":[{"start":{"line":129,"column":4},"end":{"line":132,"column":5}},{"start":{"line":129,"column":4},"end":{"line":132,"column":5}}],"line":129},"2":{"loc":{"start":{"line":133,"column":16},"end":{"line":133,"column":64}},"type":"cond-expr","locations":[{"start":{"line":133,"column":36},"end":{"line":133,"column":57}},{"start":{"line":133,"column":60},"end":{"line":133,"column":64}}],"line":133},"3":{"loc":{"start":{"line":152,"column":4},"end":{"line":155,"column":5}},"type":"if","locations":[{"start":{"line":152,"column":4},"end":{"line":155,"column":5}},{"start":{"line":152,"column":4},"end":{"line":155,"column":5}}],"line":152},"4":{"loc":{"start":{"line":156,"column":16},"end":{"line":156,"column":64}},"type":"cond-expr","locations":[{"start":{"line":156,"column":36},"end":{"line":156,"column":57}},{"start":{"line":156,"column":60},"end":{"line":156,"column":64}}],"line":156},"5":{"loc":{"start":{"line":168,"column":16},"end":{"line":168,"column":64}},"type":"cond-expr","locations":[{"start":{"line":168,"column":36},"end":{"line":168,"column":57}},{"start":{"line":168,"column":60},"end":{"line":168,"column":64}}],"line":168},"6":{"loc":{"start":{"line":189,"column":16},"end":{"line":189,"column":64}},"type":"cond-expr","locations":[{"start":{"line":189,"column":36},"end":{"line":189,"column":57}},{"start":{"line":189,"column":60},"end":{"line":189,"column":64}}],"line":189},"7":{"loc":{"start":{"line":194,"column":16},"end":{"line":194,"column":54}},"type":"cond-expr","locations":[{"start":{"line":194,"column":27},"end":{"line":194,"column":40}},{"start":{"line":194,"column":43},"end":{"line":194,"column":54}}],"line":194},"8":{"loc":{"start":{"line":195,"column":22},"end":{"line":195,"column":46}},"type":"cond-expr","locations":[{"start":{"line":195,"column":33},"end":{"line":195,"column":37}},{"start":{"line":195,"column":40},"end":{"line":195,"column":46}}],"line":195},"9":{"loc":{"start":{"line":213,"column":4},"end":{"line":215,"column":5}},"type":"if","locations":[{"start":{"line":213,"column":4},"end":{"line":215,"column":5}},{"start":{"line":213,"column":4},"end":{"line":215,"column":5}}],"line":213},"10":{"loc":{"start":{"line":217,"column":4},"end":{"line":219,"column":5}},"type":"if","locations":[{"start":{"line":217,"column":4},"end":{"line":219,"column":5}},{"start":{"line":217,"column":4},"end":{"line":219,"column":5}}],"line":217},"11":{"loc":{"start":{"line":220,"column":4},"end":{"line":222,"column":5}},"type":"if","locations":[{"start":{"line":220,"column":4},"end":{"line":222,"column":5}},{"start":{"line":220,"column":4},"end":{"line":222,"column":5}}],"line":220},"12":{"loc":{"start":{"line":223,"column":4},"end":{"line":225,"column":5}},"type":"if","locations":[{"start":{"line":223,"column":4},"end":{"line":225,"column":5}},{"start":{"line":223,"column":4},"end":{"line":225,"column":5}}],"line":223},"13":{"loc":{"start":{"line":240,"column":16},"end":{"line":242,"column":17}},"type":"if","locations":[{"start":{"line":240,"column":16},"end":{"line":242,"column":17}},{"start":{"line":240,"column":16},"end":{"line":242,"column":17}}],"line":240},"14":{"loc":{"start":{"line":245,"column":16},"end":{"line":247,"column":17}},"type":"if","locations":[{"start":{"line":245,"column":16},"end":{"line":247,"column":17}},{"start":{"line":245,"column":16},"end":{"line":247,"column":17}}],"line":245},"15":{"loc":{"start":{"line":246,"column":27},"end":{"line":246,"column":70}},"type":"cond-expr","locations":[{"start":{"line":246,"column":51},"end":{"line":246,"column":59}},{"start":{"line":246,"column":62},"end":{"line":246,"column":70}}],"line":246},"16":{"loc":{"start":{"line":270,"column":22},"end":{"line":272,"column":23}},"type":"if","locations":[{"start":{"line":270,"column":22},"end":{"line":272,"column":23}},{"start":{"line":270,"column":22},"end":{"line":272,"column":23}}],"line":270},"17":{"loc":{"start":{"line":270,"column":26},"end":{"line":270,"column":49}},"type":"binary-expr","locations":[{"start":{"line":270,"column":26},"end":{"line":270,"column":33}},{"start":{"line":270,"column":37},"end":{"line":270,"column":49}}],"line":270},"18":{"loc":{"start":{"line":278,"column":22},"end":{"line":296,"column":23}},"type":"if","locations":[{"start":{"line":278,"column":22},"end":{"line":296,"column":23}},{"start":{"line":278,"column":22},"end":{"line":296,"column":23}}],"line":278},"19":{"loc":{"start":{"line":278,"column":26},"end":{"line":278,"column":43}},"type":"binary-expr","locations":[{"start":{"line":278,"column":26},"end":{"line":278,"column":35}},{"start":{"line":278,"column":39},"end":{"line":278,"column":43}}],"line":278},"20":{"loc":{"start":{"line":279,"column":24},"end":{"line":291,"column":25}},"type":"if","locations":[{"start":{"line":279,"column":24},"end":{"line":291,"column":25}},{"start":{"line":279,"column":24},"end":{"line":291,"column":25}}],"line":279},"21":{"loc":{"start":{"line":279,"column":28},"end":{"line":279,"column":73}},"type":"binary-expr","locations":[{"start":{"line":279,"column":28},"end":{"line":279,"column":47}},{"start":{"line":279,"column":51},"end":{"line":279,"column":73}}],"line":279},"22":{"loc":{"start":{"line":293,"column":29},"end":{"line":296,"column":23}},"type":"if","locations":[{"start":{"line":293,"column":29},"end":{"line":296,"column":23}},{"start":{"line":293,"column":29},"end":{"line":296,"column":23}}],"line":293},"23":{"loc":{"start":{"line":304,"column":47},"end":{"line":304,"column":98}},"type":"binary-expr","locations":[{"start":{"line":304,"column":47},"end":{"line":304,"column":70}},{"start":{"line":304,"column":74},"end":{"line":304,"column":98}}],"line":304}},"s":{"0":4,"1":4,"2":4,"3":4,"4":0,"5":0,"6":0,"7":0,"8":0,"9":0,"10":0,"11":0,"12":0,"13":0,"14":0,"15":0,"16":0,"17":0,"18":0,"19":0,"20":0,"21":0,"22":0,"23":0,"24":0,"25":0,"26":0,"27":0,"28":0,"29":0,"30":0,"31":0,"32":0,"33":0,"34":0,"35":0,"36":0,"37":0,"38":0,"39":0,"40":0,"41":0,"42":0,"43":0,"44":0,"45":0,"46":0,"47":0,"48":4,"49":0,"50":0,"51":0,"52":0,"53":0,"54":0,"55":0,"56":0,"57":0,"58":0,"59":0,"60":0,"61":0,"62":0,"63":0,"64":0,"65":0,"66":0,"67":0,"68":4},"f":{"0":4,"1":0,"2":0,"3":0,"4":0,"5":0,"6":0,"7":0,"8":0,"9":0,"10":0,"11":0,"12":4,"13":0,"14":0,"15":0,"16":4},"b":{"0":[0,0],"1":[0,0],"2":[0,0],"3":[0,0],"4":[0,0],"5":[0,0],"6":[0,0],"7":[0,0],"8":[0,0],"9":[0,0],"10":[0,0],"11":[0,0],"12":[0,0],"13":[0,0],"14":[0,0],"15":[0,0],"16":[0,0],"17":[0,0],"18":[0,0],"19":[0,0],"20":[0,0],"21":[0,0],"22":[0,0],"23":[0,0]},"_coverageSchema":"1a1c01bbd47fc00a2c39e90264f33305004495a9","hash":"14251fb9be5ce4b37b5eed5b91d0e65b35194a55"}
,"D:\\react-workspace\\whinepad\\js\\source\\components\\Form.js": {"path":"D:\\react-workspace\\whinepad\\js\\source\\components\\Form.js","statementMap":{"0":{"start":{"line":20,"column":4},"end":{"line":20,"column":17}},"1":{"start":{"line":21,"column":4},"end":{"line":21,"column":40}},"2":{"start":{"line":22,"column":4},"end":{"line":24,"column":5}},"3":{"start":{"line":23,"column":6},"end":{"line":23,"column":66}},"4":{"start":{"line":28,"column":23},"end":{"line":28,"column":25}},"5":{"start":{"line":29,"column":4},"end":{"line":31,"column":6}},"6":{"start":{"line":30,"column":6},"end":{"line":30,"column":53}},"7":{"start":{"line":32,"column":4},"end":{"line":32,"column":16}},"8":{"start":{"line":36,"column":4},"end":{"line":66,"column":5}},"9":{"start":{"line":40,"column":49},"end":{"line":40,"column":103}},"10":{"start":{"line":41,"column":10},"end":{"line":48,"column":11}},"11":{"start":{"line":42,"column":12},"end":{"line":47,"column":14}},"12":{"start":{"line":50,"column":10},"end":{"line":52,"column":11}},"13":{"start":{"line":51,"column":12},"end":{"line":51,"column":24}},"14":{"start":{"line":53,"column":10},"end":{"line":63,"column":12}}},"fnMap":{"0":{"name":"(anonymous_0)","decl":{"start":{"line":19,"column":2},"end":{"line":19,"column":3}},"loc":{"start":{"line":19,"column":28},"end":{"line":25,"column":3}},"line":19},"1":{"name":"(anonymous_1)","decl":{"start":{"line":27,"column":2},"end":{"line":27,"column":3}},"loc":{"start":{"line":27,"column":20},"end":{"line":33,"column":3}},"line":27},"2":{"name":"(anonymous_2)","decl":{"start":{"line":29,"column":24},"end":{"line":29,"column":25}},"loc":{"start":{"line":30,"column":6},"end":{"line":30,"column":53}},"line":30},"3":{"name":"(anonymous_3)","decl":{"start":{"line":35,"column":2},"end":{"line":35,"column":3}},"loc":{"start":{"line":35,"column":11},"end":{"line":67,"column":3}},"line":35},"4":{"name":"(anonymous_4)","decl":{"start":{"line":38,"column":25},"end":{"line":38,"column":26}},"loc":{"start":{"line":38,"column":52},"end":{"line":64,"column":9}},"line":38}},"branchMap":{"0":{"loc":{"start":{"line":22,"column":4},"end":{"line":24,"column":5}},"type":"if","locations":[{"start":{"line":22,"column":4},"end":{"line":24,"column":5}},{"start":{"line":22,"column":4},"end":{"line":24,"column":5}}],"line":22},"1":{"loc":{"start":{"line":40,"column":49},"end":{"line":40,"column":103}},"type":"binary-expr","locations":[{"start":{"line":40,"column":50},"end":{"line":40,"column":66}},{"start":{"line":40,"column":70},"end":{"line":40,"column":96}},{"start":{"line":40,"column":101},"end":{"line":40,"column":103}}],"line":40},"2":{"loc":{"start":{"line":41,"column":10},"end":{"line":48,"column":11}},"type":"if","locations":[{"start":{"line":41,"column":10},"end":{"line":48,"column":11}},{"start":{"line":41,"column":10},"end":{"line":48,"column":11}}],"line":41},"3":{"loc":{"start":{"line":50,"column":10},"end":{"line":52,"column":11}},"type":"if","locations":[{"start":{"line":50,"column":10},"end":{"line":52,"column":11}},{"start":{"line":50,"column":10},"end":{"line":52,"column":11}}],"line":50},"4":{"loc":{"start":{"line":58,"column":16},"end":{"line":60,"column":42}},"type":"cond-expr","locations":[{"start":{"line":59,"column":20},"end":{"line":59,"column":85}},{"start":{"line":60,"column":20},"end":{"line":60,"column":42}}],"line":58}},"s":{"0":0,"1":0,"2":0,"3":0,"4":0,"5":0,"6":0,"7":0,"8":0,"9":0,"10":0,"11":0,"12":0,"13":0,"14":0},"f":{"0":0,"1":0,"2":0,"3":0,"4":0},"b":{"0":[0,0],"1":[0,0,0],"2":[0,0],"3":[0,0],"4":[0,0]},"_coverageSchema":"1a1c01bbd47fc00a2c39e90264f33305004495a9","hash":"e4d88a59d3556c3a46cdabb976f3c41529fc9e3f"}
,"D:\\react-workspace\\whinepad\\js\\source\\components\\FormInput.js": {"path":"D:\\react-workspace\\whinepad\\js\\source\\components\\FormInput.js","statementMap":{"0":{"start":{"line":21,"column":23},"end":{"line":21,"column":38}},"1":{"start":{"line":22,"column":4},"end":{"line":26,"column":5}},"2":{"start":{"line":23,"column":6},"end":{"line":23,"column":35}},"3":{"start":{"line":25,"column":6},"end":{"line":25,"column":40}},"4":{"start":{"line":33,"column":27},"end":{"line":37,"column":5}},"5":{"start":{"line":39,"column":4},"end":{"line":57,"column":5}},"6":{"start":{"line":41,"column":8},"end":{"line":41,"column":48}},"7":{"start":{"line":43,"column":8},"end":{"line":43,"column":48}},"8":{"start":{"line":45,"column":8},"end":{"line":48,"column":10}},"9":{"start":{"line":50,"column":8},"end":{"line":50,"column":67}},"10":{"start":{"line":52,"column":8},"end":{"line":53,"column":65}},"11":{"start":{"line":55,"column":8},"end":{"line":55,"column":39}},"12":{"start":{"line":56,"column":8},"end":{"line":56,"column":64}}},"fnMap":{"0":{"name":"(anonymous_0)","decl":{"start":{"line":19,"column":2},"end":{"line":19,"column":3}},"loc":{"start":{"line":19,"column":34},"end":{"line":29,"column":3}},"line":19},"1":{"name":"(anonymous_1)","decl":{"start":{"line":31,"column":2},"end":{"line":31,"column":3}},"loc":{"start":{"line":31,"column":11},"end":{"line":58,"column":3}},"line":31}},"branchMap":{"0":{"loc":{"start":{"line":22,"column":4},"end":{"line":26,"column":5}},"type":"if","locations":[{"start":{"line":22,"column":4},"end":{"line":26,"column":5}},{"start":{"line":22,"column":4},"end":{"line":26,"column":5}}],"line":22},"1":{"loc":{"start":{"line":39,"column":4},"end":{"line":57,"column":5}},"type":"switch","locations":[{"start":{"line":40,"column":6},"end":{"line":41,"column":48}},{"start":{"line":42,"column":6},"end":{"line":43,"column":48}},{"start":{"line":44,"column":6},"end":{"line":48,"column":10}},{"start":{"line":49,"column":6},"end":{"line":50,"column":67}},{"start":{"line":51,"column":6},"end":{"line":53,"column":65}},{"start":{"line":54,"column":6},"end":{"line":56,"column":64}}],"line":39},"2":{"loc":{"start":{"line":47,"column":26},"end":{"line":47,"column":77}},"type":"binary-expr","locations":[{"start":{"line":47,"column":26},"end":{"line":47,"column":49}},{"start":{"line":47,"column":53},"end":{"line":47,"column":77}}],"line":47}},"s":{"0":3,"1":3,"2":2,"3":1,"4":9,"5":9,"6":2,"7":1,"8":2,"9":1,"10":2,"11":1,"12":1},"f":{"0":3,"1":9},"b":{"0":[2,1],"1":[2,1,2,1,2,1],"2":[2,1]},"_coverageSchema":"1a1c01bbd47fc00a2c39e90264f33305004495a9","hash":"5d718fc8d3413d5247f654076e383d164bd73b8b"}
,"D:\\react-workspace\\whinepad\\js\\source\\components\\Rating.js": {"path":"D:\\react-workspace\\whinepad\\js\\source\\components\\Rating.js","statementMap":{"0":{"start":{"line":19,"column":24},"end":{"line":23,"column":3}},"1":{"start":{"line":26,"column":4},"end":{"line":26,"column":17}},"2":{"start":{"line":27,"column":4},"end":{"line":30,"column":5}},"3":{"start":{"line":33,"column":4},"end":{"line":33,"column":29}},"4":{"start":{"line":37,"column":4},"end":{"line":39,"column":7}},"5":{"start":{"line":43,"column":4},"end":{"line":46,"column":7}},"6":{"start":{"line":50,"column":4},"end":{"line":50,"column":36}},"7":{"start":{"line":54,"column":4},"end":{"line":54,"column":42}},"8":{"start":{"line":58,"column":18},"end":{"line":58,"column":20}},"9":{"start":{"line":59,"column":4},"end":{"line":73,"column":5}},"10":{"start":{"line":59,"column":25},"end":{"line":59,"column":26}},"11":{"start":{"line":60,"column":6},"end":{"line":72,"column":8}},"12":{"start":{"line":74,"column":4},"end":{"line":90,"column":6}}},"fnMap":{"0":{"name":"(anonymous_0)","decl":{"start":{"line":25,"column":2},"end":{"line":25,"column":3}},"loc":{"start":{"line":25,"column":28},"end":{"line":31,"column":3}},"line":25},"1":{"name":"(anonymous_1)","decl":{"start":{"line":32,"column":2},"end":{"line":32,"column":3}},"loc":{"start":{"line":32,"column":21},"end":{"line":34,"column":3}},"line":32},"2":{"name":"(anonymous_2)","decl":{"start":{"line":36,"column":2},"end":{"line":36,"column":3}},"loc":{"start":{"line":36,"column":26},"end":{"line":40,"column":3}},"line":36},"3":{"name":"(anonymous_3)","decl":{"start":{"line":42,"column":2},"end":{"line":42,"column":3}},"loc":{"start":{"line":42,"column":28},"end":{"line":47,"column":3}},"line":42},"4":{"name":"(anonymous_4)","decl":{"start":{"line":49,"column":2},"end":{"line":49,"column":3}},"loc":{"start":{"line":49,"column":10},"end":{"line":51,"column":3}},"line":49},"5":{"name":"(anonymous_5)","decl":{"start":{"line":53,"column":2},"end":{"line":53,"column":3}},"loc":{"start":{"line":53,"column":52},"end":{"line":55,"column":3}},"line":53},"6":{"name":"(anonymous_6)","decl":{"start":{"line":56,"column":2},"end":{"line":56,"column":3}},"loc":{"start":{"line":56,"column":11},"end":{"line":91,"column":3}},"line":56}},"branchMap":{"0":{"loc":{"start":{"line":63,"column":21},"end":{"line":63,"column":66}},"type":"cond-expr","locations":[{"start":{"line":63,"column":49},"end":{"line":63,"column":59}},{"start":{"line":63,"column":62},"end":{"line":63,"column":66}}],"line":63},"1":{"loc":{"start":{"line":66,"column":19},"end":{"line":66,"column":82}},"type":"cond-expr","locations":[{"start":{"line":66,"column":42},"end":{"line":66,"column":70}},{"start":{"line":66,"column":73},"end":{"line":66,"column":82}}],"line":66},"2":{"loc":{"start":{"line":68,"column":23},"end":{"line":68,"column":84}},"type":"cond-expr","locations":[{"start":{"line":68,"column":46},"end":{"line":68,"column":72}},{"start":{"line":68,"column":75},"end":{"line":68,"column":84}}],"line":68},"3":{"loc":{"start":{"line":85,"column":9},"end":{"line":87,"column":85}},"type":"cond-expr","locations":[{"start":{"line":86,"column":12},"end":{"line":86,"column":16}},{"start":{"line":87,"column":12},"end":{"line":87,"column":85}}],"line":85},"4":{"loc":{"start":{"line":85,"column":9},"end":{"line":85,"column":46}},"type":"binary-expr","locations":[{"start":{"line":85,"column":9},"end":{"line":85,"column":28}},{"start":{"line":85,"column":32},"end":{"line":85,"column":46}}],"line":85},"5":{"loc":{"start":{"line":87,"column":59},"end":{"line":87,"column":81}},"type":"binary-expr","locations":[{"start":{"line":87,"column":59},"end":{"line":87,"column":76}},{"start":{"line":87,"column":80},"end":{"line":87,"column":81}}],"line":87}},"s":{"0":3,"1":6,"2":6,"3":2,"4":2,"5":1,"6":1,"7":0,"8":9,"9":9,"10":9,"11":45,"12":9},"f":{"0":6,"1":2,"2":2,"3":1,"4":1,"5":0,"6":9},"b":{"0":[22,23],"1":[40,5],"2":[40,5],"3":[6,3],"4":[9,8],"5":[3,1]},"_coverageSchema":"1a1c01bbd47fc00a2c39e90264f33305004495a9","hash":"beb3ecc4c6320dda75f850a24c7eb032c0692f7c"}
,"D:\\react-workspace\\whinepad\\js\\source\\components\\Suggest.js": {"path":"D:\\react-workspace\\whinepad\\js\\source\\components\\Suggest.js","statementMap":{"0":{"start":{"line":22,"column":4},"end":{"line":22,"column":17}},"1":{"start":{"line":23,"column":4},"end":{"line":25,"column":5}},"2":{"start":{"line":29,"column":4},"end":{"line":29,"column":28}},"3":{"start":{"line":33,"column":29},"end":{"line":33,"column":68}},"4":{"start":{"line":34,"column":4},"end":{"line":48,"column":6}},"5":{"start":{"line":39,"column":25},"end":{"line":39,"column":65}},"6":{"start":{"line":44,"column":14},"end":{"line":44,"column":47}}},"fnMap":{"0":{"name":"(anonymous_0)","decl":{"start":{"line":21,"column":2},"end":{"line":21,"column":3}},"loc":{"start":{"line":21,"column":28},"end":{"line":26,"column":3}},"line":21},"1":{"name":"(anonymous_1)","decl":{"start":{"line":28,"column":2},"end":{"line":28,"column":3}},"loc":{"start":{"line":28,"column":21},"end":{"line":30,"column":3}},"line":28},"2":{"name":"(anonymous_2)","decl":{"start":{"line":31,"column":2},"end":{"line":31,"column":3}},"loc":{"start":{"line":31,"column":11},"end":{"line":49,"column":3}},"line":31},"3":{"name":"(anonymous_3)","decl":{"start":{"line":39,"column":20},"end":{"line":39,"column":21}},"loc":{"start":{"line":39,"column":25},"end":{"line":39,"column":65}},"line":39},"4":{"name":"(anonymous_4)","decl":{"start":{"line":43,"column":12},"end":{"line":43,"column":13}},"loc":{"start":{"line":44,"column":14},"end":{"line":44,"column":47}},"line":44}},"branchMap":{"0":{"loc":{"start":{"line":24,"column":14},"end":{"line":24,"column":38}},"type":"binary-expr","locations":[{"start":{"line":24,"column":14},"end":{"line":24,"column":32}},{"start":{"line":24,"column":36},"end":{"line":24,"column":38}}],"line":24}},"s":{"0":4,"1":4,"2":2,"3":5,"4":5,"5":1,"6":15},"f":{"0":4,"1":2,"2":5,"3":1,"4":15},"b":{"0":[4,3]},"_coverageSchema":"1a1c01bbd47fc00a2c39e90264f33305004495a9","hash":"8ef3a5fce8242e8d986cf2226da399ad1e514406"}
,"D:\\react-workspace\\whinepad\\js\\source\\flux\\CRUDActions.js": {"path":"D:\\react-workspace\\whinepad\\js\\source\\flux\\CRUDActions.js","statementMap":{"0":{"start":{"line":5,"column":20},"end":{"line":121,"column":1}},"1":{"start":{"line":12,"column":15},"end":{"line":12,"column":34}},"2":{"start":{"line":13,"column":4},"end":{"line":13,"column":28}},"3":{"start":{"line":14,"column":4},"end":{"line":14,"column":28}},"4":{"start":{"line":22,"column":15},"end":{"line":22,"column":34}},"5":{"start":{"line":23,"column":4},"end":{"line":23,"column":29}},"6":{"start":{"line":24,"column":4},"end":{"line":24,"column":28}},"7":{"start":{"line":33,"column":15},"end":{"line":33,"column":34}},"8":{"start":{"line":34,"column":4},"end":{"line":34,"column":31}},"9":{"start":{"line":35,"column":4},"end":{"line":35,"column":28}},"10":{"start":{"line":45,"column":15},"end":{"line":45,"column":34}},"11":{"start":{"line":46,"column":4},"end":{"line":46,"column":32}},"12":{"start":{"line":47,"column":4},"end":{"line":47,"column":28}},"13":{"start":{"line":61,"column":4},"end":{"line":61,"column":46}},"14":{"start":{"line":73,"column":27},"end":{"line":73,"column":55}},"15":{"start":{"line":75,"column":4},"end":{"line":78,"column":5}},"16":{"start":{"line":76,"column":6},"end":{"line":76,"column":45}},"17":{"start":{"line":77,"column":6},"end":{"line":77,"column":13}},"18":{"start":{"line":79,"column":19},"end":{"line":79,"column":61}},"19":{"start":{"line":79,"column":53},"end":{"line":79,"column":60}},"20":{"start":{"line":80,"column":4},"end":{"line":82,"column":5}},"21":{"start":{"line":81,"column":6},"end":{"line":81,"column":13}},"22":{"start":{"line":83,"column":23},"end":{"line":90,"column":6}},"23":{"start":{"line":84,"column":6},"end":{"line":88,"column":7}},"24":{"start":{"line":84,"column":19},"end":{"line":84,"column":20}},"25":{"start":{"line":85,"column":8},"end":{"line":87,"column":9}},"26":{"start":{"line":86,"column":10},"end":{"line":86,"column":22}},"27":{"start":{"line":89,"column":6},"end":{"line":89,"column":19}},"28":{"start":{"line":91,"column":4},"end":{"line":91,"column":54}},"29":{"start":{"line":101,"column":25},"end":{"line":101,"column":26}},"30":{"start":{"line":102,"column":4},"end":{"line":106,"column":5}},"31":{"start":{"line":103,"column":6},"end":{"line":103,"column":21}},"32":{"start":{"line":105,"column":6},"end":{"line":105,"column":50}},"33":{"start":{"line":107,"column":4},"end":{"line":107,"column":45}},"34":{"start":{"line":116,"column":4},"end":{"line":118,"column":7}},"35":{"start":{"line":117,"column":16},"end":{"line":117,"column":62}}},"fnMap":{"0":{"name":"(anonymous_0)","decl":{"start":{"line":11,"column":2},"end":{"line":11,"column":3}},"loc":{"start":{"line":11,"column":28},"end":{"line":15,"column":3}},"line":11},"1":{"name":"(anonymous_1)","decl":{"start":{"line":21,"column":2},"end":{"line":21,"column":3}},"loc":{"start":{"line":21,"column":27},"end":{"line":25,"column":3}},"line":21},"2":{"name":"(anonymous_2)","decl":{"start":{"line":32,"column":2},"end":{"line":32,"column":3}},"loc":{"start":{"line":32,"column":52},"end":{"line":36,"column":3}},"line":32},"3":{"name":"(anonymous_3)","decl":{"start":{"line":44,"column":2},"end":{"line":44,"column":3}},"loc":{"start":{"line":44,"column":69},"end":{"line":48,"column":3}},"line":44},"4":{"name":"(anonymous_4)","decl":{"start":{"line":60,"column":2},"end":{"line":60,"column":3}},"loc":{"start":{"line":60,"column":19},"end":{"line":62,"column":3}},"line":60},"5":{"name":"(anonymous_5)","decl":{"start":{"line":72,"column":2},"end":{"line":72,"column":3}},"loc":{"start":{"line":72,"column":19},"end":{"line":92,"column":3}},"line":72},"6":{"name":"(anonymous_6)","decl":{"start":{"line":79,"column":45},"end":{"line":79,"column":46}},"loc":{"start":{"line":79,"column":53},"end":{"line":79,"column":60}},"line":79},"7":{"name":"(anonymous_7)","decl":{"start":{"line":83,"column":50},"end":{"line":83,"column":51}},"loc":{"start":{"line":83,"column":57},"end":{"line":90,"column":5}},"line":83},"8":{"name":"(anonymous_8)","decl":{"start":{"line":100,"column":2},"end":{"line":100,"column":3}},"loc":{"start":{"line":100,"column":89},"end":{"line":108,"column":3}},"line":100},"9":{"name":"(anonymous_9)","decl":{"start":{"line":115,"column":2},"end":{"line":115,"column":3}},"loc":{"start":{"line":115,"column":41},"end":{"line":119,"column":3}},"line":115},"10":{"name":"(anonymous_10)","decl":{"start":{"line":117,"column":6},"end":{"line":117,"column":7}},"loc":{"start":{"line":117,"column":16},"end":{"line":117,"column":62}},"line":117}},"branchMap":{"0":{"loc":{"start":{"line":75,"column":4},"end":{"line":78,"column":5}},"type":"if","locations":[{"start":{"line":75,"column":4},"end":{"line":78,"column":5}},{"start":{"line":75,"column":4},"end":{"line":78,"column":5}}],"line":75},"1":{"loc":{"start":{"line":80,"column":4},"end":{"line":82,"column":5}},"type":"if","locations":[{"start":{"line":80,"column":4},"end":{"line":82,"column":5}},{"start":{"line":80,"column":4},"end":{"line":82,"column":5}}],"line":80},"2":{"loc":{"start":{"line":85,"column":8},"end":{"line":87,"column":9}},"type":"if","locations":[{"start":{"line":85,"column":8},"end":{"line":87,"column":9}},{"start":{"line":85,"column":8},"end":{"line":87,"column":9}}],"line":85},"3":{"loc":{"start":{"line":102,"column":4},"end":{"line":106,"column":5}},"type":"if","locations":[{"start":{"line":102,"column":4},"end":{"line":106,"column":5}},{"start":{"line":102,"column":4},"end":{"line":106,"column":5}}],"line":102},"4":{"loc":{"start":{"line":102,"column":8},"end":{"line":102,"column":54}},"type":"binary-expr","locations":[{"start":{"line":102,"column":8},"end":{"line":102,"column":29}},{"start":{"line":102,"column":33},"end":{"line":102,"column":54}}],"line":102},"5":{"loc":{"start":{"line":107,"column":11},"end":{"line":107,"column":44}},"type":"cond-expr","locations":[{"start":{"line":107,"column":24},"end":{"line":107,"column":35}},{"start":{"line":107,"column":38},"end":{"line":107,"column":44}}],"line":107}},"s":{"0":1,"1":0,"2":0,"3":0,"4":0,"5":0,"6":0,"7":0,"8":0,"9":0,"10":0,"11":0,"12":0,"13":0,"14":0,"15":0,"16":0,"17":0,"18":0,"19":0,"20":0,"21":0,"22":0,"23":0,"24":0,"25":0,"26":0,"27":0,"28":0,"29":0,"30":0,"31":0,"32":0,"33":0,"34":0,"35":0},"f":{"0":0,"1":0,"2":0,"3":0,"4":0,"5":0,"6":0,"7":0,"8":0,"9":0,"10":0},"b":{"0":[0,0],"1":[0,0],"2":[0,0],"3":[0,0],"4":[0,0],"5":[0,0]},"_coverageSchema":"1a1c01bbd47fc00a2c39e90264f33305004495a9","hash":"568c514ba5920a61875aabe7b64c9c2bedd91703"}
,"D:\\react-workspace\\whinepad\\js\\source\\flux\\CRUDStore.js": {"path":"D:\\react-workspace\\whinepad\\js\\source\\flux\\CRUDStore.js","statementMap":{"0":{"start":{"line":7,"column":16},"end":{"line":7,"column":34}},"1":{"start":{"line":10,"column":18},"end":{"line":69,"column":1}},"2":{"start":{"line":12,"column":4},"end":{"line":12,"column":16}},"3":{"start":{"line":15,"column":4},"end":{"line":15,"column":18}},"4":{"start":{"line":18,"column":4},"end":{"line":18,"column":19}},"5":{"start":{"line":19,"column":4},"end":{"line":21,"column":5}},"6":{"start":{"line":20,"column":6},"end":{"line":20,"column":60}},"7":{"start":{"line":22,"column":4},"end":{"line":22,"column":27}},"8":{"start":{"line":30,"column":4},"end":{"line":30,"column":23}},"9":{"start":{"line":39,"column":4},"end":{"line":39,"column":52}},"10":{"start":{"line":49,"column":4},"end":{"line":49,"column":27}},"11":{"start":{"line":50,"column":20},"end":{"line":52,"column":12}},"12":{"start":{"line":53,"column":4},"end":{"line":58,"column":5}},"13":{"start":{"line":54,"column":6},"end":{"line":54,"column":18}},"14":{"start":{"line":55,"column":6},"end":{"line":55,"column":61}},"15":{"start":{"line":55,"column":29},"end":{"line":55,"column":59}},"16":{"start":{"line":57,"column":6},"end":{"line":57,"column":33}},"17":{"start":{"line":67,"column":4},"end":{"line":67,"column":39}}},"fnMap":{"0":{"name":"(anonymous_0)","decl":{"start":{"line":11,"column":2},"end":{"line":11,"column":3}},"loc":{"start":{"line":11,"column":27},"end":{"line":13,"column":3}},"line":11},"1":{"name":"(anonymous_1)","decl":{"start":{"line":14,"column":2},"end":{"line":14,"column":3}},"loc":{"start":{"line":14,"column":29},"end":{"line":16,"column":3}},"line":14},"2":{"name":"(anonymous_2)","decl":{"start":{"line":17,"column":2},"end":{"line":17,"column":3}},"loc":{"start":{"line":17,"column":58},"end":{"line":23,"column":3}},"line":17},"3":{"name":"(anonymous_3)","decl":{"start":{"line":29,"column":2},"end":{"line":29,"column":3}},"loc":{"start":{"line":29,"column":21},"end":{"line":31,"column":3}},"line":29},"4":{"name":"(anonymous_4)","decl":{"start":{"line":38,"column":2},"end":{"line":38,"column":3}},"loc":{"start":{"line":38,"column":39},"end":{"line":40,"column":3}},"line":38},"5":{"name":"(anonymous_5)","decl":{"start":{"line":48,"column":2},"end":{"line":48,"column":3}},"loc":{"start":{"line":48,"column":37},"end":{"line":59,"column":3}},"line":48},"6":{"name":"(anonymous_6)","decl":{"start":{"line":55,"column":21},"end":{"line":55,"column":22}},"loc":{"start":{"line":55,"column":29},"end":{"line":55,"column":59}},"line":55},"7":{"name":"(anonymous_7)","decl":{"start":{"line":66,"column":2},"end":{"line":66,"column":3}},"loc":{"start":{"line":66,"column":47},"end":{"line":68,"column":3}},"line":66}},"branchMap":{"0":{"loc":{"start":{"line":17,"column":34},"end":{"line":17,"column":56}},"type":"default-arg","locations":[{"start":{"line":17,"column":52},"end":{"line":17,"column":56}}],"line":17},"1":{"loc":{"start":{"line":19,"column":4},"end":{"line":21,"column":5}},"type":"if","locations":[{"start":{"line":19,"column":4},"end":{"line":21,"column":5}},{"start":{"line":19,"column":4},"end":{"line":21,"column":5}}],"line":19},"2":{"loc":{"start":{"line":19,"column":8},"end":{"line":19,"column":41}},"type":"binary-expr","locations":[{"start":{"line":19,"column":8},"end":{"line":19,"column":14}},{"start":{"line":19,"column":18},"end":{"line":19,"column":41}}],"line":19},"3":{"loc":{"start":{"line":39,"column":11},"end":{"line":39,"column":51}},"type":"cond-expr","locations":[{"start":{"line":39,"column":30},"end":{"line":39,"column":44}},{"start":{"line":39,"column":47},"end":{"line":39,"column":51}}],"line":39},"4":{"loc":{"start":{"line":50,"column":20},"end":{"line":52,"column":12}},"type":"cond-expr","locations":[{"start":{"line":51,"column":8},"end":{"line":51,"column":36}},{"start":{"line":52,"column":8},"end":{"line":52,"column":12}}],"line":50},"5":{"loc":{"start":{"line":53,"column":4},"end":{"line":58,"column":5}},"type":"if","locations":[{"start":{"line":53,"column":4},"end":{"line":58,"column":5}},{"start":{"line":53,"column":4},"end":{"line":58,"column":5}}],"line":53}},"s":{"0":1,"1":1,"2":4,"3":4,"4":0,"5":0,"6":0,"7":0,"8":0,"9":0,"10":0,"11":0,"12":0,"13":0,"14":0,"15":0,"16":0,"17":4},"f":{"0":4,"1":4,"2":0,"3":0,"4":0,"5":0,"6":0,"7":4},"b":{"0":[0],"1":[0,0],"2":[0,0],"3":[0,0],"4":[0,0],"5":[0,0]},"_coverageSchema":"1a1c01bbd47fc00a2c39e90264f33305004495a9","hash":"281f2124fa992fb0e02e3efa6bc7e87418292de1"}
}
