{"D:\\react-workspace\\whinepad\\js\\source\\classification.js": {"path":"D:\\react-workspace\\whinepad\\js\\source\\classification.js","statementMap":{},"fnMap":{},"branchMap":{},"s":{},"f":{},"b":{},"_coverageSchema":"1a1c01bbd47fc00a2c39e90264f33305004495a9","hash":"a044f6e29b2e23b8d2db9aa8b09cd3a72c396ed8"}
,"D:\\react-workspace\\whinepad\\js\\source\\schema.js": {"path":"D:\\react-workspace\\whinepad\\js\\source\\schema.js","statementMap":{},"fnMap":{},"branchMap":{},"s":{},"f":{},"b":{},"_coverageSchema":"1a1c01bbd47fc00a2c39e90264f33305004495a9","hash":"8e125574663a6252182eb412772026b1142f2098"}
,"D:\\react-workspace\\whinepad\\js\\source\\components\\Actions.js": {"path":"D:\\react-workspace\\whinepad\\js\\source\\components\\Actions.js","statementMap":{"0":{"start":{"line":10,"column":16},"end":{"line":30,"column":8}},"1":{"start":{"line":11,"column":2},"end":{"line":30,"column":8}},"2":{"start":{"line":32,"column":0},"end":{"line":34,"column":2}}},"fnMap":{"0":{"name":"(anonymous_0)","decl":{"start":{"line":10,"column":16},"end":{"line":10,"column":17}},"loc":{"start":{"line":11,"column":2},"end":{"line":30,"column":8}},"line":11},"1":{"name":"(anonymous_1)","decl":{"start":{"line":33,"column":12},"end":{"line":33,"column":13}},"loc":{"start":{"line":33,"column":18},"end":{"line":33,"column":21}},"line":33}},"branchMap":{},"s":{"0":2,"1":6,"2":2},"f":{"0":6,"1":0},"b":{},"_coverageSchema":"1a1c01bbd47fc00a2c39e90264f33305004495a9","hash":"d6ec9041a2c6f6d27d8f864e7d857e801f23fccd"}
,"D:\\react-workspace\\whinepad\\js\\source\\components\\Button.js": {"path":"D:\\react-workspace\\whinepad\\js\\source\\components\\Button.js","statementMap":{"0":{"start":{"line":22,"column":15},"end":{"line":29,"column":1}},"1":{"start":{"line":23,"column":21},"end":{"line":23,"column":58}},"2":{"start":{"line":24,"column":2},"end":{"line":28,"column":3}},"3":{"start":{"line":25,"column":4},"end":{"line":25,"column":50}},"4":{"start":{"line":27,"column":4},"end":{"line":27,"column":55}}},"fnMap":{"0":{"name":"(anonymous_0)","decl":{"start":{"line":22,"column":15},"end":{"line":22,"column":16}},"loc":{"start":{"line":22,"column":33},"end":{"line":29,"column":1}},"line":22}},"branchMap":{"0":{"loc":{"start":{"line":24,"column":2},"end":{"line":28,"column":3}},"type":"if","locations":[{"start":{"line":24,"column":2},"end":{"line":28,"column":3}},{"start":{"line":24,"column":2},"end":{"line":28,"column":3}}],"line":24}},"s":{"0":3,"1":11,"2":11,"3":1,"4":10},"f":{"0":11},"b":{"0":[1,10]},"_coverageSchema":"1a1c01bbd47fc00a2c39e90264f33305004495a9","hash":"7d254eeccf9036f60e936ef34fd3c543abf12e8d"}
,"D:\\react-workspace\\whinepad\\js\\source\\components\\Dialog.js": {"path":"D:\\react-workspace\\whinepad\\js\\source\\components\\Dialog.js","statementMap":{"0":{"start":{"line":18,"column":24},"end":{"line":23,"column":3}},"1":{"start":{"line":27,"column":4},"end":{"line":27,"column":77}},"2":{"start":{"line":32,"column":4},"end":{"line":34,"column":5}},"3":{"start":{"line":33,"column":6},"end":{"line":33,"column":76}},"4":{"start":{"line":36,"column":4},"end":{"line":40,"column":5}},"5":{"start":{"line":37,"column":6},"end":{"line":39,"column":7}},"6":{"start":{"line":38,"column":8},"end":{"line":38,"column":39}},"7":{"start":{"line":44,"column":4},"end":{"line":73,"column":6}},"8":{"start":{"line":54,"column":26},"end":{"line":54,"column":45}}},"fnMap":{"0":{"name":"(anonymous_0)","decl":{"start":{"line":21,"column":14},"end":{"line":21,"column":15}},"loc":{"start":{"line":21,"column":20},"end":{"line":21,"column":23}},"line":21},"1":{"name":"(anonymous_1)","decl":{"start":{"line":26,"column":2},"end":{"line":26,"column":3}},"loc":{"start":{"line":26,"column":25},"end":{"line":28,"column":3}},"line":26},"2":{"name":"(anonymous_2)","decl":{"start":{"line":31,"column":2},"end":{"line":31,"column":3}},"loc":{"start":{"line":31,"column":22},"end":{"line":41,"column":3}},"line":31},"3":{"name":"(anonymous_3)","decl":{"start":{"line":36,"column":25},"end":{"line":36,"column":26}},"loc":{"start":{"line":36,"column":32},"end":{"line":40,"column":5}},"line":36},"4":{"name":"(anonymous_4)","decl":{"start":{"line":43,"column":2},"end":{"line":43,"column":3}},"loc":{"start":{"line":43,"column":11},"end":{"line":74,"column":3}},"line":43},"5":{"name":"(anonymous_5)","decl":{"start":{"line":54,"column":21},"end":{"line":54,"column":22}},"loc":{"start":{"line":54,"column":26},"end":{"line":54,"column":45}},"line":54}},"branchMap":{"0":{"loc":{"start":{"line":27,"column":4},"end":{"line":27,"column":76}},"type":"cond-expr","locations":[{"start":{"line":27,"column":20},"end":{"line":27,"column":69}},{"start":{"line":27,"column":72},"end":{"line":27,"column":76}}],"line":27},"1":{"loc":{"start":{"line":32,"column":4},"end":{"line":34,"column":5}},"type":"if","locations":[{"start":{"line":32,"column":4},"end":{"line":34,"column":5}},{"start":{"line":32,"column":4},"end":{"line":34,"column":5}}],"line":32},"2":{"loc":{"start":{"line":33,"column":6},"end":{"line":33,"column":75}},"type":"cond-expr","locations":[{"start":{"line":33,"column":22},"end":{"line":33,"column":68}},{"start":{"line":33,"column":71},"end":{"line":33,"column":75}}],"line":33},"3":{"loc":{"start":{"line":37,"column":6},"end":{"line":39,"column":7}},"type":"if","locations":[{"start":{"line":37,"column":6},"end":{"line":39,"column":7}},{"start":{"line":37,"column":6},"end":{"line":39,"column":7}}],"line":37},"4":{"loc":{"start":{"line":58,"column":15},"end":{"line":64,"column":22}},"type":"cond-expr","locations":[{"start":{"line":59,"column":18},"end":{"line":63,"column":21}},{"start":{"line":64,"column":18},"end":{"line":64,"column":22}}],"line":58},"5":{"loc":{"start":{"line":67,"column":16},"end":{"line":67,"column":60}},"type":"cond-expr","locations":[{"start":{"line":67,"column":39},"end":{"line":67,"column":48}},{"start":{"line":67,"column":51},"end":{"line":67,"column":60}}],"line":67}},"s":{"0":2,"1":1,"2":8,"3":3,"4":8,"5":0,"6":0,"7":8,"8":2},"f":{"0":0,"1":1,"2":8,"3":0,"4":8,"5":2},"b":{"0":[1,0],"1":[3,5],"2":[3,0],"3":[0,0],"4":[6,2],"5":[6,2]},"_coverageSchema":"1a1c01bbd47fc00a2c39e90264f33305004495a9","hash":"177e64779f04ab66fdc8fe99ae750a519cf6ebe9"}
,"D:\\react-workspace\\whinepad\\js\\source\\components\\Excel.js": {"path":"D:\\react-workspace\\whinepad\\js\\source\\components\\Excel.js","statementMap":{"0":{"start":{"line":40,"column":4},"end":{"line":40,"column":17}},"1":{"start":{"line":41,"column":4},"end":{"line":50,"column":5}},"2":{"start":{"line":59,"column":4},"end":{"line":61,"column":7}},"3":{"start":{"line":70,"column":4},"end":{"line":70,"column":34}},"4":{"start":{"line":79,"column":15},"end":{"line":79,"column":42}},"5":{"start":{"line":81,"column":23},"end":{"line":81,"column":76}},"6":{"start":{"line":82,"column":4},"end":{"line":88,"column":7}},"7":{"start":{"line":83,"column":6},"end":{"line":87,"column":7}},"8":{"start":{"line":84,"column":8},"end":{"line":84,"column":40}},"9":{"start":{"line":86,"column":8},"end":{"line":86,"column":40}},"10":{"start":{"line":90,"column":4},"end":{"line":94,"column":7}},"11":{"start":{"line":95,"column":4},"end":{"line":95,"column":31}},"12":{"start":{"line":103,"column":33},"end":{"line":103,"column":61}},"13":{"start":{"line":104,"column":4},"end":{"line":109,"column":7}},"14":{"start":{"line":118,"column":4},"end":{"line":118,"column":23}},"15":{"start":{"line":119,"column":18},"end":{"line":119,"column":44}},"16":{"start":{"line":120,"column":15},"end":{"line":120,"column":42}},"17":{"start":{"line":121,"column":4},"end":{"line":121,"column":59}},"18":{"start":{"line":122,"column":4},"end":{"line":122,"column":59}},"19":{"start":{"line":123,"column":4},"end":{"line":126,"column":7}},"20":{"start":{"line":127,"column":4},"end":{"line":127,"column":31}},"21":{"start":{"line":137,"column":4},"end":{"line":142,"column":7}},"22":{"start":{"line":150,"column":4},"end":{"line":153,"column":5}},"23":{"start":{"line":151,"column":6},"end":{"line":151,"column":26}},"24":{"start":{"line":152,"column":6},"end":{"line":152,"column":13}},"25":{"start":{"line":154,"column":16},"end":{"line":154,"column":64}},"26":{"start":{"line":155,"column":4},"end":{"line":155,"column":68}},"27":{"start":{"line":156,"column":15},"end":{"line":156,"column":42}},"28":{"start":{"line":158,"column":4},"end":{"line":158,"column":24}},"29":{"start":{"line":159,"column":4},"end":{"line":162,"column":7}},"30":{"start":{"line":163,"column":4},"end":{"line":163,"column":31}},"31":{"start":{"line":167,"column":4},"end":{"line":169,"column":7}},"32":{"start":{"line":177,"column":4},"end":{"line":180,"column":5}},"33":{"start":{"line":178,"column":6},"end":{"line":178,"column":26}},"34":{"start":{"line":179,"column":6},"end":{"line":179,"column":13}},"35":{"start":{"line":181,"column":16},"end":{"line":181,"column":64}},"36":{"start":{"line":182,"column":4},"end":{"line":182,"column":68}},"37":{"start":{"line":183,"column":15},"end":{"line":183,"column":42}},"38":{"start":{"line":184,"column":4},"end":{"line":184,"column":41}},"39":{"start":{"line":185,"column":4},"end":{"line":188,"column":7}},"40":{"start":{"line":189,"column":4},"end":{"line":189,"column":31}},"41":{"start":{"line":196,"column":16},"end":{"line":196,"column":64}},"42":{"start":{"line":197,"column":4},"end":{"line":197,"column":69}},"43":{"start":{"line":198,"column":18},"end":{"line":198,"column":38}},"44":{"start":{"line":199,"column":22},"end":{"line":199,"column":50}},"45":{"start":{"line":200,"column":4},"end":{"line":209,"column":5}},"46":{"start":{"line":217,"column":16},"end":{"line":217,"column":64}},"47":{"start":{"line":218,"column":4},"end":{"line":218,"column":69}},"48":{"start":{"line":219,"column":4},"end":{"line":235,"column":6}},"49":{"start":{"line":242,"column":4},"end":{"line":244,"column":5}},"50":{"start":{"line":243,"column":6},"end":{"line":243,"column":18}},"51":{"start":{"line":245,"column":23},"end":{"line":245,"column":45}},"52":{"start":{"line":246,"column":4},"end":{"line":248,"column":5}},"53":{"start":{"line":247,"column":6},"end":{"line":247,"column":40}},"54":{"start":{"line":249,"column":4},"end":{"line":251,"column":5}},"55":{"start":{"line":250,"column":6},"end":{"line":250,"column":42}},"56":{"start":{"line":252,"column":4},"end":{"line":254,"column":5}},"57":{"start":{"line":253,"column":6},"end":{"line":253,"column":38}},"58":{"start":{"line":255,"column":4},"end":{"line":255,"column":61}},"59":{"start":{"line":262,"column":4},"end":{"line":355,"column":6}},"60":{"start":{"line":269,"column":16},"end":{"line":271,"column":17}},"61":{"start":{"line":270,"column":18},"end":{"line":270,"column":30}},"62":{"start":{"line":273,"column":28},"end":{"line":273,"column":38}},"63":{"start":{"line":274,"column":16},"end":{"line":276,"column":17}},"64":{"start":{"line":275,"column":18},"end":{"line":275,"column":71}},"65":{"start":{"line":277,"column":16},"end":{"line":285,"column":18}},"66":{"start":{"line":294,"column":14},"end":{"line":350,"column":16}},"67":{"start":{"line":298,"column":37},"end":{"line":298,"column":59}},"68":{"start":{"line":299,"column":22},"end":{"line":301,"column":23}},"69":{"start":{"line":300,"column":24},"end":{"line":300,"column":36}},"70":{"start":{"line":302,"column":39},"end":{"line":302,"column":63}},"71":{"start":{"line":303,"column":35},"end":{"line":303,"column":50}},"72":{"start":{"line":304,"column":36},"end":{"line":304,"column":45}},"73":{"start":{"line":307,"column":22},"end":{"line":325,"column":23}},"74":{"start":{"line":308,"column":24},"end":{"line":320,"column":25}},"75":{"start":{"line":310,"column":26},"end":{"line":319,"column":28}},"76":{"start":{"line":322,"column":29},"end":{"line":325,"column":23}},"77":{"start":{"line":323,"column":24},"end":{"line":324,"column":66}},"78":{"start":{"line":326,"column":22},"end":{"line":341,"column":24}},"79":{"start":{"line":362,"column":4},"end":{"line":367,"column":6}}},"fnMap":{"0":{"name":"(anonymous_0)","decl":{"start":{"line":39,"column":2},"end":{"line":39,"column":3}},"loc":{"start":{"line":39,"column":29},"end":{"line":51,"column":3}},"line":39},"1":{"name":"(anonymous_1)","decl":{"start":{"line":58,"column":2},"end":{"line":58,"column":3}},"loc":{"start":{"line":58,"column":52},"end":{"line":62,"column":3}},"line":58},"2":{"name":"(anonymous_2)","decl":{"start":{"line":69,"column":2},"end":{"line":69,"column":3}},"loc":{"start":{"line":69,"column":30},"end":{"line":71,"column":3}},"line":69},"3":{"name":"(anonymous_3)","decl":{"start":{"line":78,"column":2},"end":{"line":78,"column":3}},"loc":{"start":{"line":78,"column":21},"end":{"line":96,"column":3}},"line":78},"4":{"name":"(anonymous_4)","decl":{"start":{"line":82,"column":14},"end":{"line":82,"column":15}},"loc":{"start":{"line":82,"column":30},"end":{"line":88,"column":5}},"line":82},"5":{"name":"(anonymous_5)","decl":{"start":{"line":102,"column":2},"end":{"line":102,"column":3}},"loc":{"start":{"line":102,"column":24},"end":{"line":110,"column":3}},"line":102},"6":{"name":"(anonymous_6)","decl":{"start":{"line":116,"column":2},"end":{"line":116,"column":3}},"loc":{"start":{"line":116,"column":18},"end":{"line":128,"column":3}},"line":116},"7":{"name":"(anonymous_7)","decl":{"start":{"line":136,"column":2},"end":{"line":136,"column":3}},"loc":{"start":{"line":136,"column":47},"end":{"line":143,"column":3}},"line":136},"8":{"name":"(anonymous_8)","decl":{"start":{"line":149,"column":2},"end":{"line":149,"column":3}},"loc":{"start":{"line":149,"column":43},"end":{"line":164,"column":3}},"line":149},"9":{"name":"(anonymous_9)","decl":{"start":{"line":166,"column":2},"end":{"line":166,"column":3}},"loc":{"start":{"line":166,"column":17},"end":{"line":170,"column":3}},"line":166},"10":{"name":"(anonymous_10)","decl":{"start":{"line":176,"column":2},"end":{"line":176,"column":3}},"loc":{"start":{"line":176,"column":34},"end":{"line":190,"column":3}},"line":176},"11":{"name":"(anonymous_11)","decl":{"start":{"line":195,"column":2},"end":{"line":195,"column":3}},"loc":{"start":{"line":195,"column":24},"end":{"line":210,"column":3}},"line":195},"12":{"name":"(anonymous_12)","decl":{"start":{"line":216,"column":2},"end":{"line":216,"column":3}},"loc":{"start":{"line":216,"column":40},"end":{"line":236,"column":3}},"line":216},"13":{"name":"(anonymous_13)","decl":{"start":{"line":241,"column":2},"end":{"line":241,"column":3}},"loc":{"start":{"line":241,"column":18},"end":{"line":256,"column":3}},"line":241},"14":{"name":"(anonymous_14)","decl":{"start":{"line":261,"column":2},"end":{"line":261,"column":3}},"loc":{"start":{"line":261,"column":17},"end":{"line":356,"column":3}},"line":261},"15":{"name":"(anonymous_15)","decl":{"start":{"line":267,"column":36},"end":{"line":267,"column":37}},"loc":{"start":{"line":267,"column":44},"end":{"line":286,"column":15}},"line":267},"16":{"name":"(anonymous_16)","decl":{"start":{"line":293,"column":32},"end":{"line":293,"column":33}},"loc":{"start":{"line":293,"column":49},"end":{"line":351,"column":13}},"line":293},"17":{"name":"(anonymous_17)","decl":{"start":{"line":297,"column":41},"end":{"line":297,"column":42}},"loc":{"start":{"line":297,"column":56},"end":{"line":343,"column":21}},"line":297},"18":{"name":"(anonymous_18)","decl":{"start":{"line":361,"column":2},"end":{"line":361,"column":3}},"loc":{"start":{"line":361,"column":11},"end":{"line":368,"column":3}},"line":361}},"branchMap":{"0":{"loc":{"start":{"line":81,"column":23},"end":{"line":81,"column":76}},"type":"binary-expr","locations":[{"start":{"line":81,"column":24},"end":{"line":81,"column":49}},{"start":{"line":81,"column":54},"end":{"line":81,"column":76}}],"line":81},"1":{"loc":{"start":{"line":83,"column":6},"end":{"line":87,"column":7}},"type":"if","locations":[{"start":{"line":83,"column":6},"end":{"line":87,"column":7}},{"start":{"line":83,"column":6},"end":{"line":87,"column":7}}],"line":83},"2":{"loc":{"start":{"line":84,"column":15},"end":{"line":84,"column":39}},"type":"cond-expr","locations":[{"start":{"line":84,"column":33},"end":{"line":84,"column":34}},{"start":{"line":84,"column":37},"end":{"line":84,"column":39}}],"line":84},"3":{"loc":{"start":{"line":86,"column":15},"end":{"line":86,"column":39}},"type":"cond-expr","locations":[{"start":{"line":86,"column":33},"end":{"line":86,"column":34}},{"start":{"line":86,"column":37},"end":{"line":86,"column":39}}],"line":86},"4":{"loc":{"start":{"line":150,"column":4},"end":{"line":153,"column":5}},"type":"if","locations":[{"start":{"line":150,"column":4},"end":{"line":153,"column":5}},{"start":{"line":150,"column":4},"end":{"line":153,"column":5}}],"line":150},"5":{"loc":{"start":{"line":154,"column":16},"end":{"line":154,"column":64}},"type":"cond-expr","locations":[{"start":{"line":154,"column":36},"end":{"line":154,"column":57}},{"start":{"line":154,"column":60},"end":{"line":154,"column":64}}],"line":154},"6":{"loc":{"start":{"line":177,"column":4},"end":{"line":180,"column":5}},"type":"if","locations":[{"start":{"line":177,"column":4},"end":{"line":180,"column":5}},{"start":{"line":177,"column":4},"end":{"line":180,"column":5}}],"line":177},"7":{"loc":{"start":{"line":181,"column":16},"end":{"line":181,"column":64}},"type":"cond-expr","locations":[{"start":{"line":181,"column":36},"end":{"line":181,"column":57}},{"start":{"line":181,"column":60},"end":{"line":181,"column":64}}],"line":181},"8":{"loc":{"start":{"line":196,"column":16},"end":{"line":196,"column":64}},"type":"cond-expr","locations":[{"start":{"line":196,"column":36},"end":{"line":196,"column":57}},{"start":{"line":196,"column":60},"end":{"line":196,"column":64}}],"line":196},"9":{"loc":{"start":{"line":217,"column":16},"end":{"line":217,"column":64}},"type":"cond-expr","locations":[{"start":{"line":217,"column":36},"end":{"line":217,"column":57}},{"start":{"line":217,"column":60},"end":{"line":217,"column":64}}],"line":217},"10":{"loc":{"start":{"line":222,"column":16},"end":{"line":222,"column":54}},"type":"cond-expr","locations":[{"start":{"line":222,"column":27},"end":{"line":222,"column":40}},{"start":{"line":222,"column":43},"end":{"line":222,"column":54}}],"line":222},"11":{"loc":{"start":{"line":223,"column":22},"end":{"line":223,"column":46}},"type":"cond-expr","locations":[{"start":{"line":223,"column":33},"end":{"line":223,"column":37}},{"start":{"line":223,"column":40},"end":{"line":223,"column":46}}],"line":223},"12":{"loc":{"start":{"line":242,"column":4},"end":{"line":244,"column":5}},"type":"if","locations":[{"start":{"line":242,"column":4},"end":{"line":244,"column":5}},{"start":{"line":242,"column":4},"end":{"line":244,"column":5}}],"line":242},"13":{"loc":{"start":{"line":246,"column":4},"end":{"line":248,"column":5}},"type":"if","locations":[{"start":{"line":246,"column":4},"end":{"line":248,"column":5}},{"start":{"line":246,"column":4},"end":{"line":248,"column":5}}],"line":246},"14":{"loc":{"start":{"line":249,"column":4},"end":{"line":251,"column":5}},"type":"if","locations":[{"start":{"line":249,"column":4},"end":{"line":251,"column":5}},{"start":{"line":249,"column":4},"end":{"line":251,"column":5}}],"line":249},"15":{"loc":{"start":{"line":252,"column":4},"end":{"line":254,"column":5}},"type":"if","locations":[{"start":{"line":252,"column":4},"end":{"line":254,"column":5}},{"start":{"line":252,"column":4},"end":{"line":254,"column":5}}],"line":252},"16":{"loc":{"start":{"line":269,"column":16},"end":{"line":271,"column":17}},"type":"if","locations":[{"start":{"line":269,"column":16},"end":{"line":271,"column":17}},{"start":{"line":269,"column":16},"end":{"line":271,"column":17}}],"line":269},"17":{"loc":{"start":{"line":274,"column":16},"end":{"line":276,"column":17}},"type":"if","locations":[{"start":{"line":274,"column":16},"end":{"line":276,"column":17}},{"start":{"line":274,"column":16},"end":{"line":276,"column":17}}],"line":274},"18":{"loc":{"start":{"line":275,"column":27},"end":{"line":275,"column":70}},"type":"cond-expr","locations":[{"start":{"line":275,"column":51},"end":{"line":275,"column":59}},{"start":{"line":275,"column":62},"end":{"line":275,"column":70}}],"line":275},"19":{"loc":{"start":{"line":299,"column":22},"end":{"line":301,"column":23}},"type":"if","locations":[{"start":{"line":299,"column":22},"end":{"line":301,"column":23}},{"start":{"line":299,"column":22},"end":{"line":301,"column":23}}],"line":299},"20":{"loc":{"start":{"line":299,"column":26},"end":{"line":299,"column":49}},"type":"binary-expr","locations":[{"start":{"line":299,"column":26},"end":{"line":299,"column":33}},{"start":{"line":299,"column":37},"end":{"line":299,"column":49}}],"line":299},"21":{"loc":{"start":{"line":307,"column":22},"end":{"line":325,"column":23}},"type":"if","locations":[{"start":{"line":307,"column":22},"end":{"line":325,"column":23}},{"start":{"line":307,"column":22},"end":{"line":325,"column":23}}],"line":307},"22":{"loc":{"start":{"line":307,"column":26},"end":{"line":307,"column":43}},"type":"binary-expr","locations":[{"start":{"line":307,"column":26},"end":{"line":307,"column":35}},{"start":{"line":307,"column":39},"end":{"line":307,"column":43}}],"line":307},"23":{"loc":{"start":{"line":308,"column":24},"end":{"line":320,"column":25}},"type":"if","locations":[{"start":{"line":308,"column":24},"end":{"line":320,"column":25}},{"start":{"line":308,"column":24},"end":{"line":320,"column":25}}],"line":308},"24":{"loc":{"start":{"line":308,"column":28},"end":{"line":308,"column":73}},"type":"binary-expr","locations":[{"start":{"line":308,"column":28},"end":{"line":308,"column":47}},{"start":{"line":308,"column":51},"end":{"line":308,"column":73}}],"line":308},"25":{"loc":{"start":{"line":322,"column":29},"end":{"line":325,"column":23}},"type":"if","locations":[{"start":{"line":322,"column":29},"end":{"line":325,"column":23}},{"start":{"line":322,"column":29},"end":{"line":325,"column":23}}],"line":322},"26":{"loc":{"start":{"line":333,"column":47},"end":{"line":333,"column":98}},"type":"binary-expr","locations":[{"start":{"line":333,"column":47},"end":{"line":333,"column":70}},{"start":{"line":333,"column":74},"end":{"line":333,"column":98}}],"line":333}},"s":{"0":2,"1":2,"2":0,"3":1,"4":0,"5":0,"6":0,"7":0,"8":0,"9":0,"10":0,"11":0,"12":1,"13":1,"14":1,"15":1,"16":1,"17":1,"18":1,"19":1,"20":1,"21":1,"22":0,"23":0,"24":0,"25":0,"26":0,"27":0,"28":0,"29":0,"30":0,"31":0,"32":0,"33":0,"34":0,"35":0,"36":0,"37":0,"38":0,"39":0,"40":0,"41":1,"42":1,"43":1,"44":1,"45":1,"46":0,"47":0,"48":0,"49":5,"50":4,"51":1,"52":1,"53":1,"54":0,"55":0,"56":0,"57":0,"58":0,"59":5,"60":25,"61":5,"62":20,"63":20,"64":0,"65":20,"66":5,"67":25,"68":25,"69":5,"70":20,"71":20,"72":20,"73":20,"74":3,"75":1,"76":17,"77":5,"78":20,"79":5},"f":{"0":2,"1":0,"2":1,"3":0,"4":0,"5":1,"6":1,"7":1,"8":0,"9":0,"10":0,"11":1,"12":0,"13":5,"14":5,"15":25,"16":5,"17":25,"18":5},"b":{"0":[0,0],"1":[0,0],"2":[0,0],"3":[0,0],"4":[0,0],"5":[0,0],"6":[0,0],"7":[0,0],"8":[1,0],"9":[0,0],"10":[0,0],"11":[0,0],"12":[4,1],"13":[1,0],"14":[0,0],"15":[0,0],"16":[5,20],"17":[0,20],"18":[0,0],"19":[5,20],"20":[25,25],"21":[3,17],"22":[20,15],"23":[1,2],"24":[3,3],"25":[5,12],"26":[20,10]},"_coverageSchema":"1a1c01bbd47fc00a2c39e90264f33305004495a9","hash":"246c421f63785dda7a0931d6c95c1cf7dbb79c61"}
,"D:\\react-workspace\\whinepad\\js\\source\\components\\Form.js": {"path":"D:\\react-workspace\\whinepad\\js\\source\\components\\Form.js","statementMap":{"0":{"start":{"line":16,"column":23},"end":{"line":16,"column":25}},"1":{"start":{"line":17,"column":4},"end":{"line":19,"column":6}},"2":{"start":{"line":18,"column":6},"end":{"line":18,"column":53}},"3":{"start":{"line":20,"column":4},"end":{"line":20,"column":16}},"4":{"start":{"line":23,"column":4},"end":{"line":53,"column":5}},"5":{"start":{"line":27,"column":49},"end":{"line":27,"column":115}},"6":{"start":{"line":28,"column":10},"end":{"line":35,"column":11}},"7":{"start":{"line":29,"column":12},"end":{"line":34,"column":14}},"8":{"start":{"line":37,"column":10},"end":{"line":39,"column":11}},"9":{"start":{"line":38,"column":12},"end":{"line":38,"column":24}},"10":{"start":{"line":40,"column":10},"end":{"line":50,"column":12}}},"fnMap":{"0":{"name":"(anonymous_0)","decl":{"start":{"line":15,"column":2},"end":{"line":15,"column":3}},"loc":{"start":{"line":15,"column":12},"end":{"line":21,"column":3}},"line":15},"1":{"name":"(anonymous_1)","decl":{"start":{"line":17,"column":30},"end":{"line":17,"column":31}},"loc":{"start":{"line":18,"column":6},"end":{"line":18,"column":53}},"line":18},"2":{"name":"(anonymous_2)","decl":{"start":{"line":22,"column":2},"end":{"line":22,"column":3}},"loc":{"start":{"line":22,"column":11},"end":{"line":54,"column":3}},"line":22},"3":{"name":"(anonymous_3)","decl":{"start":{"line":25,"column":31},"end":{"line":25,"column":32}},"loc":{"start":{"line":25,"column":58},"end":{"line":51,"column":9}},"line":25}},"branchMap":{"0":{"loc":{"start":{"line":27,"column":49},"end":{"line":27,"column":115}},"type":"binary-expr","locations":[{"start":{"line":27,"column":50},"end":{"line":27,"column":72}},{"start":{"line":27,"column":76},"end":{"line":27,"column":108}},{"start":{"line":27,"column":113},"end":{"line":27,"column":115}}],"line":27},"1":{"loc":{"start":{"line":28,"column":10},"end":{"line":35,"column":11}},"type":"if","locations":[{"start":{"line":28,"column":10},"end":{"line":35,"column":11}},{"start":{"line":28,"column":10},"end":{"line":35,"column":11}}],"line":28},"2":{"loc":{"start":{"line":37,"column":10},"end":{"line":39,"column":11}},"type":"if","locations":[{"start":{"line":37,"column":10},"end":{"line":39,"column":11}},{"start":{"line":37,"column":10},"end":{"line":39,"column":11}}],"line":37},"3":{"loc":{"start":{"line":45,"column":16},"end":{"line":47,"column":42}},"type":"cond-expr","locations":[{"start":{"line":46,"column":20},"end":{"line":46,"column":85}},{"start":{"line":47,"column":20},"end":{"line":47,"column":42}}],"line":45}},"s":{"0":0,"1":0,"2":0,"3":0,"4":0,"5":0,"6":0,"7":0,"8":0,"9":0,"10":0},"f":{"0":0,"1":0,"2":0,"3":0},"b":{"0":[0,0,0],"1":[0,0],"2":[0,0],"3":[0,0]},"_coverageSchema":"1a1c01bbd47fc00a2c39e90264f33305004495a9","hash":"981e851765292116180ecccca71f8b8ffd141ae4"}
,"D:\\react-workspace\\whinepad\\js\\source\\components\\FormInput.js": {"path":"D:\\react-workspace\\whinepad\\js\\source\\components\\FormInput.js","statementMap":{"0":{"start":{"line":21,"column":23},"end":{"line":21,"column":38}},"1":{"start":{"line":22,"column":4},"end":{"line":26,"column":5}},"2":{"start":{"line":23,"column":6},"end":{"line":23,"column":35}},"3":{"start":{"line":25,"column":6},"end":{"line":25,"column":40}},"4":{"start":{"line":33,"column":27},"end":{"line":37,"column":5}},"5":{"start":{"line":39,"column":4},"end":{"line":57,"column":5}},"6":{"start":{"line":41,"column":8},"end":{"line":41,"column":48}},"7":{"start":{"line":43,"column":8},"end":{"line":43,"column":48}},"8":{"start":{"line":45,"column":8},"end":{"line":48,"column":10}},"9":{"start":{"line":50,"column":8},"end":{"line":50,"column":67}},"10":{"start":{"line":52,"column":8},"end":{"line":53,"column":65}},"11":{"start":{"line":55,"column":8},"end":{"line":55,"column":39}},"12":{"start":{"line":56,"column":8},"end":{"line":56,"column":64}}},"fnMap":{"0":{"name":"(anonymous_0)","decl":{"start":{"line":19,"column":2},"end":{"line":19,"column":3}},"loc":{"start":{"line":19,"column":34},"end":{"line":29,"column":3}},"line":19},"1":{"name":"(anonymous_1)","decl":{"start":{"line":31,"column":2},"end":{"line":31,"column":3}},"loc":{"start":{"line":31,"column":11},"end":{"line":58,"column":3}},"line":31}},"branchMap":{"0":{"loc":{"start":{"line":22,"column":4},"end":{"line":26,"column":5}},"type":"if","locations":[{"start":{"line":22,"column":4},"end":{"line":26,"column":5}},{"start":{"line":22,"column":4},"end":{"line":26,"column":5}}],"line":22},"1":{"loc":{"start":{"line":39,"column":4},"end":{"line":57,"column":5}},"type":"switch","locations":[{"start":{"line":40,"column":6},"end":{"line":41,"column":48}},{"start":{"line":42,"column":6},"end":{"line":43,"column":48}},{"start":{"line":44,"column":6},"end":{"line":48,"column":10}},{"start":{"line":49,"column":6},"end":{"line":50,"column":67}},{"start":{"line":51,"column":6},"end":{"line":53,"column":65}},{"start":{"line":54,"column":6},"end":{"line":56,"column":64}}],"line":39},"2":{"loc":{"start":{"line":47,"column":26},"end":{"line":47,"column":77}},"type":"binary-expr","locations":[{"start":{"line":47,"column":26},"end":{"line":47,"column":49}},{"start":{"line":47,"column":53},"end":{"line":47,"column":77}}],"line":47}},"s":{"0":1,"1":1,"2":1,"3":0,"4":1,"5":1,"6":1,"7":0,"8":0,"9":0,"10":0,"11":0,"12":0},"f":{"0":1,"1":1},"b":{"0":[1,0],"1":[1,0,0,0,0,0],"2":[0,0]},"_coverageSchema":"1a1c01bbd47fc00a2c39e90264f33305004495a9","hash":"5d718fc8d3413d5247f654076e383d164bd73b8b"}
,"D:\\react-workspace\\whinepad\\js\\source\\components\\Rating.js": {"path":"D:\\react-workspace\\whinepad\\js\\source\\components\\Rating.js","statementMap":{"0":{"start":{"line":19,"column":24},"end":{"line":23,"column":3}},"1":{"start":{"line":26,"column":4},"end":{"line":26,"column":17}},"2":{"start":{"line":27,"column":4},"end":{"line":30,"column":5}},"3":{"start":{"line":33,"column":4},"end":{"line":33,"column":29}},"4":{"start":{"line":37,"column":4},"end":{"line":39,"column":7}},"5":{"start":{"line":43,"column":4},"end":{"line":46,"column":7}},"6":{"start":{"line":50,"column":4},"end":{"line":50,"column":36}},"7":{"start":{"line":54,"column":4},"end":{"line":54,"column":42}},"8":{"start":{"line":58,"column":18},"end":{"line":58,"column":20}},"9":{"start":{"line":59,"column":4},"end":{"line":73,"column":5}},"10":{"start":{"line":59,"column":25},"end":{"line":59,"column":26}},"11":{"start":{"line":60,"column":6},"end":{"line":72,"column":8}},"12":{"start":{"line":74,"column":4},"end":{"line":90,"column":6}}},"fnMap":{"0":{"name":"(anonymous_0)","decl":{"start":{"line":25,"column":2},"end":{"line":25,"column":3}},"loc":{"start":{"line":25,"column":28},"end":{"line":31,"column":3}},"line":25},"1":{"name":"(anonymous_1)","decl":{"start":{"line":32,"column":2},"end":{"line":32,"column":3}},"loc":{"start":{"line":32,"column":21},"end":{"line":34,"column":3}},"line":32},"2":{"name":"(anonymous_2)","decl":{"start":{"line":36,"column":2},"end":{"line":36,"column":3}},"loc":{"start":{"line":36,"column":26},"end":{"line":40,"column":3}},"line":36},"3":{"name":"(anonymous_3)","decl":{"start":{"line":42,"column":2},"end":{"line":42,"column":3}},"loc":{"start":{"line":42,"column":28},"end":{"line":47,"column":3}},"line":42},"4":{"name":"(anonymous_4)","decl":{"start":{"line":49,"column":2},"end":{"line":49,"column":3}},"loc":{"start":{"line":49,"column":10},"end":{"line":51,"column":3}},"line":49},"5":{"name":"(anonymous_5)","decl":{"start":{"line":53,"column":2},"end":{"line":53,"column":3}},"loc":{"start":{"line":53,"column":52},"end":{"line":55,"column":3}},"line":53},"6":{"name":"(anonymous_6)","decl":{"start":{"line":56,"column":2},"end":{"line":56,"column":3}},"loc":{"start":{"line":56,"column":11},"end":{"line":91,"column":3}},"line":56}},"branchMap":{"0":{"loc":{"start":{"line":63,"column":21},"end":{"line":63,"column":66}},"type":"cond-expr","locations":[{"start":{"line":63,"column":49},"end":{"line":63,"column":59}},{"start":{"line":63,"column":62},"end":{"line":63,"column":66}}],"line":63},"1":{"loc":{"start":{"line":66,"column":19},"end":{"line":66,"column":82}},"type":"cond-expr","locations":[{"start":{"line":66,"column":42},"end":{"line":66,"column":70}},{"start":{"line":66,"column":73},"end":{"line":66,"column":82}}],"line":66},"2":{"loc":{"start":{"line":68,"column":23},"end":{"line":68,"column":84}},"type":"cond-expr","locations":[{"start":{"line":68,"column":46},"end":{"line":68,"column":72}},{"start":{"line":68,"column":75},"end":{"line":68,"column":84}}],"line":68},"3":{"loc":{"start":{"line":85,"column":9},"end":{"line":87,"column":85}},"type":"cond-expr","locations":[{"start":{"line":86,"column":12},"end":{"line":86,"column":16}},{"start":{"line":87,"column":12},"end":{"line":87,"column":85}}],"line":85},"4":{"loc":{"start":{"line":85,"column":9},"end":{"line":85,"column":46}},"type":"binary-expr","locations":[{"start":{"line":85,"column":9},"end":{"line":85,"column":28}},{"start":{"line":85,"column":32},"end":{"line":85,"column":46}}],"line":85},"5":{"loc":{"start":{"line":87,"column":59},"end":{"line":87,"column":81}},"type":"binary-expr","locations":[{"start":{"line":87,"column":59},"end":{"line":87,"column":76}},{"start":{"line":87,"column":80},"end":{"line":87,"column":81}}],"line":87}},"s":{"0":2,"1":3,"2":3,"3":1,"4":2,"5":4,"6":1,"7":3,"8":9,"9":9,"10":9,"11":45,"12":9},"f":{"0":3,"1":1,"2":2,"3":4,"4":1,"5":3,"6":9},"b":{"0":[23,22],"1":[20,25],"2":[20,25],"3":[9,0],"4":[9,4],"5":[0,0]},"_coverageSchema":"1a1c01bbd47fc00a2c39e90264f33305004495a9","hash":"beb3ecc4c6320dda75f850a24c7eb032c0692f7c"}
,"D:\\react-workspace\\whinepad\\js\\source\\components\\Suggest.js": {"path":"D:\\react-workspace\\whinepad\\js\\source\\components\\Suggest.js","statementMap":{"0":{"start":{"line":22,"column":4},"end":{"line":22,"column":17}},"1":{"start":{"line":23,"column":4},"end":{"line":25,"column":5}},"2":{"start":{"line":29,"column":4},"end":{"line":29,"column":28}},"3":{"start":{"line":33,"column":29},"end":{"line":33,"column":68}},"4":{"start":{"line":34,"column":4},"end":{"line":48,"column":6}},"5":{"start":{"line":39,"column":25},"end":{"line":39,"column":65}},"6":{"start":{"line":44,"column":14},"end":{"line":44,"column":47}}},"fnMap":{"0":{"name":"(anonymous_0)","decl":{"start":{"line":21,"column":2},"end":{"line":21,"column":3}},"loc":{"start":{"line":21,"column":28},"end":{"line":26,"column":3}},"line":21},"1":{"name":"(anonymous_1)","decl":{"start":{"line":28,"column":2},"end":{"line":28,"column":3}},"loc":{"start":{"line":28,"column":21},"end":{"line":30,"column":3}},"line":28},"2":{"name":"(anonymous_2)","decl":{"start":{"line":31,"column":2},"end":{"line":31,"column":3}},"loc":{"start":{"line":31,"column":11},"end":{"line":49,"column":3}},"line":31},"3":{"name":"(anonymous_3)","decl":{"start":{"line":39,"column":20},"end":{"line":39,"column":21}},"loc":{"start":{"line":39,"column":25},"end":{"line":39,"column":65}},"line":39},"4":{"name":"(anonymous_4)","decl":{"start":{"line":43,"column":12},"end":{"line":43,"column":13}},"loc":{"start":{"line":44,"column":14},"end":{"line":44,"column":47}},"line":44}},"branchMap":{"0":{"loc":{"start":{"line":24,"column":14},"end":{"line":24,"column":38}},"type":"binary-expr","locations":[{"start":{"line":24,"column":14},"end":{"line":24,"column":32}},{"start":{"line":24,"column":36},"end":{"line":24,"column":38}}],"line":24}},"s":{"0":0,"1":0,"2":0,"3":0,"4":0,"5":0,"6":0},"f":{"0":0,"1":0,"2":0,"3":0,"4":0},"b":{"0":[0,0]},"_coverageSchema":"1a1c01bbd47fc00a2c39e90264f33305004495a9","hash":"8ef3a5fce8242e8d986cf2226da399ad1e514406"}
}
