TN:
SF:js\source\classification.js
FNF:0
FNH:0
LF:0
LH:0
BRF:0
BRH:0
end_of_record
TN:
SF:js\source\schema.js
FNF:0
FNH:0
LF:0
LH:0
BRF:0
BRH:0
end_of_record
TN:
SF:js\source\components\Actions.js
FN:10,(anonymous_0)
FN:33,(anonymous_1)
FNF:2
FNH:1
FNDA:1,(anonymous_0)
FNDA:0,(anonymous_1)
DA:10,2
DA:11,1
DA:32,2
LF:3
LH:3
BRF:0
BRH:0
end_of_record
TN:
SF:js\source\components\Button.js
FN:22,(anonymous_0)
FNF:1
FNH:1
FNDA:10,(anonymous_0)
DA:22,3
DA:23,10
DA:24,10
DA:25,1
DA:27,9
LF:5
LH:5
BRDA:24,0,0,1
BRDA:24,0,1,9
BRF:2
BRH:2
end_of_record
TN:
SF:js\source\components\Dialog.js
FN:21,(anonymous_0)
FN:26,(anonymous_1)
FN:31,(anonymous_2)
FN:36,(anonymous_3)
FN:43,(anonymous_4)
FN:54,(anonymous_5)
FNF:6
FNH:4
FNDA:0,(anonymous_0)
FNDA:1,(anonymous_1)
FNDA:7,(anonymous_2)
FNDA:0,(anonymous_3)
FNDA:7,(anonymous_4)
FNDA:2,(anonymous_5)
DA:18,2
DA:27,1
DA:32,7
DA:33,2
DA:36,7
DA:37,0
DA:38,0
DA:44,7
DA:54,2
LF:9
LH:7
BRDA:27,0,0,1
BRDA:27,0,1,0
BRDA:32,1,0,2
BRDA:32,1,1,5
BRDA:33,2,0,2
BRDA:33,2,1,0
BRDA:37,3,0,0
BRDA:37,3,1,0
BRDA:58,4,0,5
BRDA:58,4,1,2
BRDA:67,5,0,5
BRDA:67,5,1,2
BRF:12
BRH:8
end_of_record
TN:
SF:js\source\components\Excel.js
FN:41,(anonymous_0)
FN:54,(anonymous_1)
FN:66,(anonymous_2)
FN:81,(anonymous_3)
FN:95,(anonymous_4)
FN:115,(anonymous_5)
FN:128,(anonymous_6)
FN:141,(anonymous_7)
FN:151,(anonymous_8)
FN:167,(anonymous_9)
FN:188,(anonymous_10)
FN:212,(anonymous_11)
FN:232,(anonymous_12)
FN:238,(anonymous_13)
FN:264,(anonymous_14)
FN:268,(anonymous_15)
FN:332,(anonymous_16)
FNF:17
FNH:3
FNDA:4,(anonymous_0)
FNDA:0,(anonymous_1)
FNDA:0,(anonymous_2)
FNDA:0,(anonymous_3)
FNDA:0,(anonymous_4)
FNDA:0,(anonymous_5)
FNDA:0,(anonymous_6)
FNDA:0,(anonymous_7)
FNDA:0,(anonymous_8)
FNDA:0,(anonymous_9)
FNDA:0,(anonymous_10)
FNDA:0,(anonymous_11)
FNDA:4,(anonymous_12)
FNDA:0,(anonymous_13)
FNDA:0,(anonymous_14)
FNDA:0,(anonymous_15)
FNDA:4,(anonymous_16)
DA:42,4
DA:43,4
DA:44,4
DA:54,4
DA:55,0
DA:68,0
DA:69,0
DA:71,0
DA:82,0
DA:83,0
DA:97,0
DA:98,0
DA:99,0
DA:104,0
DA:116,0
DA:129,0
DA:130,0
DA:131,0
DA:133,0
DA:134,0
DA:135,0
DA:136,0
DA:142,0
DA:152,0
DA:153,0
DA:154,0
DA:156,0
DA:157,0
DA:158,0
DA:159,0
DA:168,0
DA:169,0
DA:170,0
DA:171,0
DA:172,0
DA:189,0
DA:190,0
DA:191,0
DA:213,0
DA:214,0
DA:216,0
DA:217,0
DA:218,0
DA:220,0
DA:221,0
DA:223,0
DA:224,0
DA:226,0
DA:233,4
DA:240,0
DA:241,0
DA:244,0
DA:245,0
DA:246,0
DA:248,0
DA:265,0
DA:269,0
DA:270,0
DA:271,0
DA:273,0
DA:274,0
DA:275,0
DA:278,0
DA:279,0
DA:281,0
DA:293,0
DA:294,0
DA:297,0
DA:333,4
LF:69
LH:6
BRDA:68,0,0,0
BRDA:68,0,1,0
BRDA:129,1,0,0
BRDA:129,1,1,0
BRDA:133,2,0,0
BRDA:133,2,1,0
BRDA:152,3,0,0
BRDA:152,3,1,0
BRDA:156,4,0,0
BRDA:156,4,1,0
BRDA:168,5,0,0
BRDA:168,5,1,0
BRDA:189,6,0,0
BRDA:189,6,1,0
BRDA:194,7,0,0
BRDA:194,7,1,0
BRDA:195,8,0,0
BRDA:195,8,1,0
BRDA:213,9,0,0
BRDA:213,9,1,0
BRDA:217,10,0,0
BRDA:217,10,1,0
BRDA:220,11,0,0
BRDA:220,11,1,0
BRDA:223,12,0,0
BRDA:223,12,1,0
BRDA:240,13,0,0
BRDA:240,13,1,0
BRDA:245,14,0,0
BRDA:245,14,1,0
BRDA:246,15,0,0
BRDA:246,15,1,0
BRDA:270,16,0,0
BRDA:270,16,1,0
BRDA:270,17,0,0
BRDA:270,17,1,0
BRDA:278,18,0,0
BRDA:278,18,1,0
BRDA:278,19,0,0
BRDA:278,19,1,0
BRDA:279,20,0,0
BRDA:279,20,1,0
BRDA:279,21,0,0
BRDA:279,21,1,0
BRDA:293,22,0,0
BRDA:293,22,1,0
BRDA:304,23,0,0
BRDA:304,23,1,0
BRF:48
BRH:0
end_of_record
TN:
SF:js\source\components\Form.js
FN:19,(anonymous_0)
FN:27,(anonymous_1)
FN:29,(anonymous_2)
FN:35,(anonymous_3)
FN:38,(anonymous_4)
FNF:5
FNH:0
FNDA:0,(anonymous_0)
FNDA:0,(anonymous_1)
FNDA:0,(anonymous_2)
FNDA:0,(anonymous_3)
FNDA:0,(anonymous_4)
DA:20,0
DA:21,0
DA:22,0
DA:23,0
DA:28,0
DA:29,0
DA:30,0
DA:32,0
DA:36,0
DA:40,0
DA:41,0
DA:42,0
DA:50,0
DA:51,0
DA:53,0
LF:15
LH:0
BRDA:22,0,0,0
BRDA:22,0,1,0
BRDA:40,1,0,0
BRDA:40,1,1,0
BRDA:40,1,2,0
BRDA:41,2,0,0
BRDA:41,2,1,0
BRDA:50,3,0,0
BRDA:50,3,1,0
BRDA:58,4,0,0
BRDA:58,4,1,0
BRF:11
BRH:0
end_of_record
TN:
SF:js\source\components\FormInput.js
FN:19,(anonymous_0)
FN:31,(anonymous_1)
FNF:2
FNH:2
FNDA:3,(anonymous_0)
FNDA:9,(anonymous_1)
DA:21,3
DA:22,3
DA:23,2
DA:25,1
DA:33,9
DA:39,9
DA:41,2
DA:43,1
DA:45,2
DA:50,1
DA:52,2
DA:55,1
DA:56,1
LF:13
LH:13
BRDA:22,0,0,2
BRDA:22,0,1,1
BRDA:39,1,0,2
BRDA:39,1,1,1
BRDA:39,1,2,2
BRDA:39,1,3,1
BRDA:39,1,4,2
BRDA:39,1,5,1
BRDA:47,2,0,2
BRDA:47,2,1,1
BRF:10
BRH:10
end_of_record
TN:
SF:js\source\components\Rating.js
FN:25,(anonymous_0)
FN:32,(anonymous_1)
FN:36,(anonymous_2)
FN:42,(anonymous_3)
FN:49,(anonymous_4)
FN:53,(anonymous_5)
FN:56,(anonymous_6)
FNF:7
FNH:6
FNDA:6,(anonymous_0)
FNDA:2,(anonymous_1)
FNDA:2,(anonymous_2)
FNDA:1,(anonymous_3)
FNDA:1,(anonymous_4)
FNDA:0,(anonymous_5)
FNDA:9,(anonymous_6)
DA:19,3
DA:26,6
DA:27,6
DA:33,2
DA:37,2
DA:43,1
DA:50,1
DA:54,0
DA:58,9
DA:59,9
DA:60,45
DA:74,9
LF:12
LH:11
BRDA:63,0,0,22
BRDA:63,0,1,23
BRDA:66,1,0,40
BRDA:66,1,1,5
BRDA:68,2,0,40
BRDA:68,2,1,5
BRDA:85,3,0,6
BRDA:85,3,1,3
BRDA:85,4,0,9
BRDA:85,4,1,8
BRDA:87,5,0,3
BRDA:87,5,1,1
BRF:12
BRH:12
end_of_record
TN:
SF:js\source\components\Suggest.js
FN:21,(anonymous_0)
FN:28,(anonymous_1)
FN:31,(anonymous_2)
FN:39,(anonymous_3)
FN:43,(anonymous_4)
FNF:5
FNH:5
FNDA:4,(anonymous_0)
FNDA:2,(anonymous_1)
FNDA:5,(anonymous_2)
FNDA:1,(anonymous_3)
FNDA:15,(anonymous_4)
DA:22,4
DA:23,4
DA:29,2
DA:33,5
DA:34,5
DA:39,1
DA:44,15
LF:7
LH:7
BRDA:24,0,0,4
BRDA:24,0,1,3
BRF:2
BRH:2
end_of_record
TN:
SF:js\source\flux\CRUDActions.js
FN:11,(anonymous_0)
FN:21,(anonymous_1)
FN:32,(anonymous_2)
FN:44,(anonymous_3)
FN:60,(anonymous_4)
FN:72,(anonymous_5)
FN:79,(anonymous_6)
FN:83,(anonymous_7)
FN:100,(anonymous_8)
FN:115,(anonymous_9)
FN:117,(anonymous_10)
FNF:11
FNH:0
FNDA:0,(anonymous_0)
FNDA:0,(anonymous_1)
FNDA:0,(anonymous_2)
FNDA:0,(anonymous_3)
FNDA:0,(anonymous_4)
FNDA:0,(anonymous_5)
FNDA:0,(anonymous_6)
FNDA:0,(anonymous_7)
FNDA:0,(anonymous_8)
FNDA:0,(anonymous_9)
FNDA:0,(anonymous_10)
DA:5,1
DA:12,0
DA:13,0
DA:14,0
DA:22,0
DA:23,0
DA:24,0
DA:33,0
DA:34,0
DA:35,0
DA:45,0
DA:46,0
DA:47,0
DA:61,0
DA:73,0
DA:75,0
DA:76,0
DA:77,0
DA:79,0
DA:80,0
DA:81,0
DA:83,0
DA:84,0
DA:85,0
DA:86,0
DA:89,0
DA:91,0
DA:101,0
DA:102,0
DA:103,0
DA:105,0
DA:107,0
DA:116,0
DA:117,0
LF:34
LH:1
BRDA:75,0,0,0
BRDA:75,0,1,0
BRDA:80,1,0,0
BRDA:80,1,1,0
BRDA:85,2,0,0
BRDA:85,2,1,0
BRDA:102,3,0,0
BRDA:102,3,1,0
BRDA:102,4,0,0
BRDA:102,4,1,0
BRDA:107,5,0,0
BRDA:107,5,1,0
BRF:12
BRH:0
end_of_record
TN:
SF:js\source\flux\CRUDStore.js
FN:11,(anonymous_0)
FN:14,(anonymous_1)
FN:17,(anonymous_2)
FN:29,(anonymous_3)
FN:38,(anonymous_4)
FN:48,(anonymous_5)
FN:55,(anonymous_6)
FN:66,(anonymous_7)
FNF:8
FNH:3
FNDA:4,(anonymous_0)
FNDA:4,(anonymous_1)
FNDA:0,(anonymous_2)
FNDA:0,(anonymous_3)
FNDA:0,(anonymous_4)
FNDA:0,(anonymous_5)
FNDA:0,(anonymous_6)
FNDA:4,(anonymous_7)
DA:7,1
DA:10,1
DA:12,4
DA:15,4
DA:18,0
DA:19,0
DA:20,0
DA:22,0
DA:30,0
DA:39,0
DA:49,0
DA:50,0
DA:53,0
DA:54,0
DA:55,0
DA:57,0
DA:67,4
LF:17
LH:5
BRDA:17,0,0,0
BRDA:19,1,0,0
BRDA:19,1,1,0
BRDA:19,2,0,0
BRDA:19,2,1,0
BRDA:39,3,0,0
BRDA:39,3,1,0
BRDA:50,4,0,0
BRDA:50,4,1,0
BRDA:53,5,0,0
BRDA:53,5,1,0
BRF:11
BRH:0
end_of_record
