TN:
SF:js\source\classification.js
FNF:0
FNH:0
LF:0
LH:0
BRF:0
BRH:0
end_of_record
TN:
SF:js\source\schema.js
FNF:0
FNH:0
LF:0
LH:0
BRF:0
BRH:0
end_of_record
TN:
SF:js\source\components\Actions.js
FN:10,(anonymous_0)
FN:33,(anonymous_1)
FNF:2
FNH:1
FNDA:6,(anonymous_0)
FNDA:0,(anonymous_1)
DA:10,2
DA:11,6
DA:32,2
LF:3
LH:3
BRF:0
BRH:0
end_of_record
TN:
SF:js\source\components\Button.js
FN:22,(anonymous_0)
FNF:1
FNH:1
FNDA:11,(anonymous_0)
DA:22,3
DA:23,11
DA:24,11
DA:25,1
DA:27,10
LF:5
LH:5
BRDA:24,0,0,1
BRDA:24,0,1,10
BRF:2
BRH:2
end_of_record
TN:
SF:js\source\components\Dialog.js
FN:21,(anonymous_0)
FN:26,(anonymous_1)
FN:31,(anonymous_2)
FN:36,(anonymous_3)
FN:43,(anonymous_4)
FN:54,(anonymous_5)
FNF:6
FNH:4
FNDA:0,(anonymous_0)
FNDA:1,(anonymous_1)
FNDA:8,(anonymous_2)
FNDA:0,(anonymous_3)
FNDA:8,(anonymous_4)
FNDA:2,(anonymous_5)
DA:18,2
DA:27,1
DA:32,8
DA:33,3
DA:36,8
DA:37,0
DA:38,0
DA:44,8
DA:54,2
LF:9
LH:7
BRDA:27,0,0,1
BRDA:27,0,1,0
BRDA:32,1,0,3
BRDA:32,1,1,5
BRDA:33,2,0,3
BRDA:33,2,1,0
BRDA:37,3,0,0
BRDA:37,3,1,0
BRDA:58,4,0,6
BRDA:58,4,1,2
BRDA:67,5,0,6
BRDA:67,5,1,2
BRF:12
BRH:8
end_of_record
TN:
SF:js\source\components\Excel.js
FN:39,(anonymous_0)
FN:58,(anonymous_1)
FN:69,(anonymous_2)
FN:78,(anonymous_3)
FN:82,(anonymous_4)
FN:102,(anonymous_5)
FN:116,(anonymous_6)
FN:136,(anonymous_7)
FN:149,(anonymous_8)
FN:166,(anonymous_9)
FN:176,(anonymous_10)
FN:195,(anonymous_11)
FN:216,(anonymous_12)
FN:241,(anonymous_13)
FN:261,(anonymous_14)
FN:267,(anonymous_15)
FN:293,(anonymous_16)
FN:297,(anonymous_17)
FN:361,(anonymous_18)
FNF:19
FNH:12
FNDA:2,(anonymous_0)
FNDA:0,(anonymous_1)
FNDA:1,(anonymous_2)
FNDA:0,(anonymous_3)
FNDA:0,(anonymous_4)
FNDA:1,(anonymous_5)
FNDA:1,(anonymous_6)
FNDA:1,(anonymous_7)
FNDA:0,(anonymous_8)
FNDA:0,(anonymous_9)
FNDA:0,(anonymous_10)
FNDA:1,(anonymous_11)
FNDA:0,(anonymous_12)
FNDA:5,(anonymous_13)
FNDA:5,(anonymous_14)
FNDA:25,(anonymous_15)
FNDA:5,(anonymous_16)
FNDA:25,(anonymous_17)
FNDA:5,(anonymous_18)
DA:40,2
DA:41,2
DA:59,0
DA:70,1
DA:79,0
DA:81,0
DA:82,0
DA:83,0
DA:84,0
DA:86,0
DA:90,0
DA:95,0
DA:103,1
DA:104,1
DA:118,1
DA:119,1
DA:120,1
DA:121,1
DA:122,1
DA:123,1
DA:127,1
DA:137,1
DA:150,0
DA:151,0
DA:152,0
DA:154,0
DA:155,0
DA:156,0
DA:158,0
DA:159,0
DA:163,0
DA:167,0
DA:177,0
DA:178,0
DA:179,0
DA:181,0
DA:182,0
DA:183,0
DA:184,0
DA:185,0
DA:189,0
DA:196,1
DA:197,1
DA:198,1
DA:199,1
DA:200,1
DA:217,0
DA:218,0
DA:219,0
DA:242,5
DA:243,4
DA:245,1
DA:246,1
DA:247,1
DA:249,0
DA:250,0
DA:252,0
DA:253,0
DA:255,0
DA:262,5
DA:269,25
DA:270,5
DA:273,20
DA:274,20
DA:275,0
DA:277,20
DA:294,5
DA:298,25
DA:299,25
DA:300,5
DA:302,20
DA:303,20
DA:304,20
DA:307,20
DA:308,3
DA:310,1
DA:322,17
DA:323,5
DA:326,20
DA:362,5
LF:80
LH:43
BRDA:81,0,0,0
BRDA:81,0,1,0
BRDA:83,1,0,0
BRDA:83,1,1,0
BRDA:84,2,0,0
BRDA:84,2,1,0
BRDA:86,3,0,0
BRDA:86,3,1,0
BRDA:150,4,0,0
BRDA:150,4,1,0
BRDA:154,5,0,0
BRDA:154,5,1,0
BRDA:177,6,0,0
BRDA:177,6,1,0
BRDA:181,7,0,0
BRDA:181,7,1,0
BRDA:196,8,0,1
BRDA:196,8,1,0
BRDA:217,9,0,0
BRDA:217,9,1,0
BRDA:222,10,0,0
BRDA:222,10,1,0
BRDA:223,11,0,0
BRDA:223,11,1,0
BRDA:242,12,0,4
BRDA:242,12,1,1
BRDA:246,13,0,1
BRDA:246,13,1,0
BRDA:249,14,0,0
BRDA:249,14,1,0
BRDA:252,15,0,0
BRDA:252,15,1,0
BRDA:269,16,0,5
BRDA:269,16,1,20
BRDA:274,17,0,0
BRDA:274,17,1,20
BRDA:275,18,0,0
BRDA:275,18,1,0
BRDA:299,19,0,5
BRDA:299,19,1,20
BRDA:299,20,0,25
BRDA:299,20,1,25
BRDA:307,21,0,3
BRDA:307,21,1,17
BRDA:307,22,0,20
BRDA:307,22,1,15
BRDA:308,23,0,1
BRDA:308,23,1,2
BRDA:308,24,0,3
BRDA:308,24,1,3
BRDA:322,25,0,5
BRDA:322,25,1,12
BRDA:333,26,0,20
BRDA:333,26,1,10
BRF:54
BRH:23
end_of_record
TN:
SF:js\source\components\Form.js
FN:15,(anonymous_0)
FN:17,(anonymous_1)
FN:22,(anonymous_2)
FN:25,(anonymous_3)
FNF:4
FNH:0
FNDA:0,(anonymous_0)
FNDA:0,(anonymous_1)
FNDA:0,(anonymous_2)
FNDA:0,(anonymous_3)
DA:16,0
DA:17,0
DA:18,0
DA:20,0
DA:23,0
DA:27,0
DA:28,0
DA:29,0
DA:37,0
DA:38,0
DA:40,0
LF:11
LH:0
BRDA:27,0,0,0
BRDA:27,0,1,0
BRDA:27,0,2,0
BRDA:28,1,0,0
BRDA:28,1,1,0
BRDA:37,2,0,0
BRDA:37,2,1,0
BRDA:45,3,0,0
BRDA:45,3,1,0
BRF:9
BRH:0
end_of_record
TN:
SF:js\source\components\FormInput.js
FN:19,(anonymous_0)
FN:31,(anonymous_1)
FNF:2
FNH:2
FNDA:4,(anonymous_0)
FNDA:10,(anonymous_1)
DA:21,4
DA:22,4
DA:23,3
DA:25,1
DA:33,10
DA:39,10
DA:41,3
DA:43,1
DA:45,2
DA:50,1
DA:52,2
DA:55,1
DA:56,1
LF:13
LH:13
BRDA:22,0,0,3
BRDA:22,0,1,1
BRDA:39,1,0,3
BRDA:39,1,1,1
BRDA:39,1,2,2
BRDA:39,1,3,1
BRDA:39,1,4,2
BRDA:39,1,5,1
BRDA:47,2,0,2
BRDA:47,2,1,1
BRF:10
BRH:10
end_of_record
TN:
SF:js\source\components\Rating.js
FN:25,(anonymous_0)
FN:32,(anonymous_1)
FN:36,(anonymous_2)
FN:42,(anonymous_3)
FN:49,(anonymous_4)
FN:53,(anonymous_5)
FN:56,(anonymous_6)
FNF:7
FNH:7
FNDA:8,(anonymous_0)
FNDA:2,(anonymous_1)
FNDA:2,(anonymous_2)
FNDA:4,(anonymous_3)
FNDA:1,(anonymous_4)
FNDA:3,(anonymous_5)
FNDA:14,(anonymous_6)
DA:19,3
DA:26,8
DA:27,8
DA:33,2
DA:37,2
DA:43,4
DA:50,1
DA:54,3
DA:58,14
DA:59,14
DA:60,70
DA:74,14
LF:12
LH:12
BRDA:63,0,0,37
BRDA:63,0,1,33
BRDA:66,1,0,40
BRDA:66,1,1,30
BRDA:68,2,0,40
BRDA:68,2,1,30
BRDA:85,3,0,11
BRDA:85,3,1,3
BRDA:85,4,0,14
BRDA:85,4,1,8
BRDA:87,5,0,3
BRDA:87,5,1,1
BRF:12
BRH:12
end_of_record
TN:
SF:js\source\components\Suggest.js
FN:21,(anonymous_0)
FN:28,(anonymous_1)
FN:31,(anonymous_2)
FN:39,(anonymous_3)
FN:43,(anonymous_4)
FNF:5
FNH:3
FNDA:1,(anonymous_0)
FNDA:0,(anonymous_1)
FNDA:1,(anonymous_2)
FNDA:0,(anonymous_3)
FNDA:3,(anonymous_4)
DA:22,1
DA:23,1
DA:29,0
DA:33,1
DA:34,1
DA:39,0
DA:44,3
LF:7
LH:5
BRDA:24,0,0,1
BRDA:24,0,1,1
BRF:2
BRH:2
end_of_record
